\BOOKMARK [1][-]{section.1}{Introduction and problem definition}{}% 1
\BOOKMARK [2][-]{subsection.1.1}{Introduction}{section.1}% 2
\BOOKMARK [2][-]{subsection.1.2}{Related Works}{section.1}% 3
\BOOKMARK [2][-]{subsection.1.3}{Problem Statement}{section.1}% 4
\BOOKMARK [3][-]{subsubsection.1.3.1}{First mathematical formulation : Feed Forward models}{subsection.1.3}% 5
\BOOKMARK [3][-]{subsubsection.1.3.2}{Second mathematical formulation : RNN models}{subsection.1.3}% 6
\BOOKMARK [1][-]{section.2}{Second Part : GluonTS}{}% 7
\BOOKMARK [2][-]{subsection.2.1}{GluonTS historical}{section.2}% 8
\BOOKMARK [2][-]{subsection.2.2}{GluonTS Functioning}{section.2}% 9
\BOOKMARK [2][-]{subsection.2.3}{Datasets}{section.2}% 10
\BOOKMARK [2][-]{subsection.2.4}{Quantiles}{section.2}% 11
\BOOKMARK [2][-]{subsection.2.5}{Loss}{section.2}% 12
\BOOKMARK [2][-]{subsection.2.6}{Metrics}{section.2}% 13
\BOOKMARK [2][-]{subsection.2.7}{Distribution}{section.2}% 14
\BOOKMARK [2][-]{subsection.2.8}{Models presentation}{section.2}% 15
\BOOKMARK [3][-]{subsubsection.2.8.1}{Simple}{subsection.2.8}% 16
\BOOKMARK [3][-]{subsubsection.2.8.2}{FeedForward}{subsection.2.8}% 17
\BOOKMARK [3][-]{subsubsection.2.8.3}{Recurrent Neural Network}{subsection.2.8}% 18
\BOOKMARK [3][-]{subsubsection.2.8.4}{DeepAr}{subsection.2.8}% 19
\BOOKMARK [3][-]{subsubsection.2.8.5}{Deep Factors}{subsection.2.8}% 20
\BOOKMARK [3][-]{subsubsection.2.8.6}{Gaussian Process}{subsection.2.8}% 21
\BOOKMARK [3][-]{subsubsection.2.8.7}{NPTS}{subsection.2.8}% 22
\BOOKMARK [3][-]{subsubsection.2.8.8}{MQCNN}{subsection.2.8}% 23
\BOOKMARK [3][-]{subsubsection.2.8.9}{MQRNN}{subsection.2.8}% 24
\BOOKMARK [2][-]{subsection.2.9}{Others}{section.2}% 25
\BOOKMARK [1][-]{section.3}{First Models Comparison}{}% 26
\BOOKMARK [2][-]{subsection.3.1}{Testing protocol definition}{section.3}% 27
\BOOKMARK [2][-]{subsection.3.2}{Global Hyperparameters comparison}{section.3}% 28
\BOOKMARK [3][-]{subsubsection.3.2.1}{Different dataset configurations}{subsection.3.2}% 29
\BOOKMARK [3][-]{subsubsection.3.2.2}{Time series size}{subsection.3.2}% 30
\BOOKMARK [3][-]{subsubsection.3.2.3}{Learning rate}{subsection.3.2}% 31
\BOOKMARK [3][-]{subsubsection.3.2.4}{Epochs}{subsection.3.2}% 32
\BOOKMARK [3][-]{subsubsection.3.2.5}{Output Distribution}{subsection.3.2}% 33
\BOOKMARK [2][-]{subsection.3.3}{Different models parameters comparison and results}{section.3}% 34
\BOOKMARK [3][-]{subsubsection.3.3.1}{Simple}{subsection.3.3}% 35
\BOOKMARK [3][-]{subsubsection.3.3.2}{Simple Feed Fordward}{subsection.3.3}% 36
\BOOKMARK [3][-]{subsubsection.3.3.3}{Canonical RNN}{subsection.3.3}% 37
\BOOKMARK [3][-]{subsubsection.3.3.4}{Deep AR}{subsection.3.3}% 38
\BOOKMARK [3][-]{subsubsection.3.3.5}{Deep Factor}{subsection.3.3}% 39
\BOOKMARK [3][-]{subsubsection.3.3.6}{MQCNN}{subsection.3.3}% 40
\BOOKMARK [3][-]{subsubsection.3.3.7}{MQRNN}{subsection.3.3}% 41
\BOOKMARK [3][-]{subsubsection.3.3.8}{Gaussian Process}{subsection.3.3}% 42
\BOOKMARK [3][-]{subsubsection.3.3.9}{NPTS}{subsection.3.3}% 43
\BOOKMARK [3][-]{subsubsection.3.3.10}{ETS}{subsection.3.3}% 44
\BOOKMARK [2][-]{subsection.3.4}{Global comparison}{section.3}% 45
\BOOKMARK [1][-]{section.4}{Fourth Part : Goal discussion}{}% 46
\BOOKMARK [2][-]{subsection.4.1}{Discussion about forecasting goal}{section.4}% 47
\BOOKMARK [2][-]{subsection.4.2}{New metric}{section.4}% 48
\BOOKMARK [2][-]{subsection.4.3}{Custom Loss}{section.4}% 49
\BOOKMARK [1][-]{section.5}{Second Models Comparison}{}% 50
\BOOKMARK [2][-]{subsection.5.1}{Testing protocol definition}{section.5}% 51
\BOOKMARK [2][-]{subsection.5.2}{Global Hyperparameters comparison}{section.5}% 52
\BOOKMARK [3][-]{subsubsection.5.2.1}{Alpha}{subsection.5.2}% 53
\BOOKMARK [3][-]{subsubsection.5.2.2}{Time series size}{subsection.5.2}% 54
\BOOKMARK [3][-]{subsubsection.5.2.3}{Learning rate}{subsection.5.2}% 55
\BOOKMARK [3][-]{subsubsection.5.2.4}{Epochs}{subsection.5.2}% 56
\BOOKMARK [3][-]{subsubsection.5.2.5}{Output Distribution}{subsection.5.2}% 57
\BOOKMARK [2][-]{subsection.5.3}{Different models parameters comparison and results}{section.5}% 58
\BOOKMARK [3][-]{subsubsection.5.3.1}{Simple}{subsection.5.3}% 59
\BOOKMARK [3][-]{subsubsection.5.3.2}{Simple Feed Fordward}{subsection.5.3}% 60
\BOOKMARK [3][-]{subsubsection.5.3.3}{Canonical RNN}{subsection.5.3}% 61
\BOOKMARK [3][-]{subsubsection.5.3.4}{Deep AR}{subsection.5.3}% 62
\BOOKMARK [3][-]{subsubsection.5.3.5}{Deep Factor}{subsection.5.3}% 63
\BOOKMARK [3][-]{subsubsection.5.3.6}{MQCNN}{subsection.5.3}% 64
\BOOKMARK [3][-]{subsubsection.5.3.7}{MQRNN}{subsection.5.3}% 65
\BOOKMARK [2][-]{subsection.5.4}{Global comparison}{section.5}% 66
