This is pdfTeX, Version 3.14159265-2.6-1.40.18 (TeX Live 2017/Debian) (preloaded format=pdflatex 2020.7.23)  23 JUL 2020 03:21
entering extended mode
 restricted \write18 enabled.
 %&-line parsing enabled.
**main.tex
(./main.tex
LaTeX2e <2017-04-15>
Babel <3.18> and hyphenation patterns for 3 language(s) loaded.
(/usr/share/texlive/texmf-dist/tex/latex/base/article.cls
Document Class: article 2014/09/29 v1.4h Standard LaTeX document class
(/usr/share/texlive/texmf-dist/tex/latex/base/size12.clo
File: size12.clo 2014/09/29 v1.4h Standard LaTeX file (size option)
)
\c@part=\count79
\c@section=\count80
\c@subsection=\count81
\c@subsubsection=\count82
\c@paragraph=\count83
\c@subparagraph=\count84
\c@figure=\count85
\c@table=\count86
\abovecaptionskip=\skip41
\belowcaptionskip=\skip42
\bibindent=\dimen102
)
(/usr/share/texlive/texmf-dist/tex/generic/babel/babel.sty
Package: babel 2018/02/14 3.18 The Babel package

(/usr/share/texlive/texmf-dist/tex/generic/babel/switch.def
File: switch.def 2018/02/14 3.18 Babel switching mechanism
)
(/usr/share/texlive/texmf-dist/tex/generic/babel-english/english.ldf
Language: english 2017/06/06 v3.3r English support from the babel system

(/usr/share/texlive/texmf-dist/tex/generic/babel/babel.def
File: babel.def 2018/02/14 3.18 Babel common definitions
\babel@savecnt=\count87
\U@D=\dimen103

(/usr/share/texlive/texmf-dist/tex/generic/babel/txtbabel.def)
\bbl@dirlevel=\count88
)
\l@british = a dialect from \language\l@english 
\l@UKenglish = a dialect from \language\l@english 
\l@canadian = a dialect from \language\l@american 
\l@australian = a dialect from \language\l@british 
\l@newzealand = a dialect from \language\l@british 
))
(/usr/share/texlive/texmf-dist/tex/latex/base/fontenc.sty
Package: fontenc 2017/04/05 v2.0i Standard LaTeX package

(/usr/share/texlive/texmf-dist/tex/latex/base/t1enc.def
File: t1enc.def 2017/04/05 v2.0i Standard LaTeX file
LaTeX Font Info:    Redeclaring font encoding T1 on input line 48.
))
(/usr/share/texlive/texmf-dist/tex/latex/ae/ae.sty
Package: ae 2001/02/12 1.3 Almost European Computer Modern

(/usr/share/texlive/texmf-dist/tex/latex/base/fontenc.sty
Package: fontenc 2017/04/05 v2.0i Standard LaTeX package

(/usr/share/texlive/texmf-dist/tex/latex/base/t1enc.def
File: t1enc.def 2017/04/05 v2.0i Standard LaTeX file
LaTeX Font Info:    Redeclaring font encoding T1 on input line 48.
)
LaTeX Font Info:    Try loading font information for T1+aer on input line 105.

(/usr/share/texlive/texmf-dist/tex/latex/ae/t1aer.fd
File: t1aer.fd 1997/11/16 Font definitions for T1/aer.
)))
(/usr/share/texlive/texmf-dist/tex/latex/base/inputenc.sty
Package: inputenc 2015/03/17 v1.2c Input encoding file
\inpenc@prehook=\toks14
\inpenc@posthook=\toks15

(/usr/share/texlive/texmf-dist/tex/latex/base/utf8.def
File: utf8.def 2017/01/28 v1.1t UTF-8 support for inputenc
Now handling font encoding OML ...
... no UTF-8 mapping file for font encoding OML
Now handling font encoding T1 ...
... processing UTF-8 mapping file for font encoding T1

(/usr/share/texlive/texmf-dist/tex/latex/base/t1enc.dfu
File: t1enc.dfu 2017/01/28 v1.1t UTF-8 support for inputenc
   defining Unicode char U+00A0 (decimal 160)
   defining Unicode char U+00A1 (decimal 161)
   defining Unicode char U+00A3 (decimal 163)
   defining Unicode char U+00AB (decimal 171)
   defining Unicode char U+00AD (decimal 173)
   defining Unicode char U+00BB (decimal 187)
   defining Unicode char U+00BF (decimal 191)
   defining Unicode char U+00C0 (decimal 192)
   defining Unicode char U+00C1 (decimal 193)
   defining Unicode char U+00C2 (decimal 194)
   defining Unicode char U+00C3 (decimal 195)
   defining Unicode char U+00C4 (decimal 196)
   defining Unicode char U+00C5 (decimal 197)
   defining Unicode char U+00C6 (decimal 198)
   defining Unicode char U+00C7 (decimal 199)
   defining Unicode char U+00C8 (decimal 200)
   defining Unicode char U+00C9 (decimal 201)
   defining Unicode char U+00CA (decimal 202)
   defining Unicode char U+00CB (decimal 203)
   defining Unicode char U+00CC (decimal 204)
   defining Unicode char U+00CD (decimal 205)
   defining Unicode char U+00CE (decimal 206)
   defining Unicode char U+00CF (decimal 207)
   defining Unicode char U+00D0 (decimal 208)
   defining Unicode char U+00D1 (decimal 209)
   defining Unicode char U+00D2 (decimal 210)
   defining Unicode char U+00D3 (decimal 211)
   defining Unicode char U+00D4 (decimal 212)
   defining Unicode char U+00D5 (decimal 213)
   defining Unicode char U+00D6 (decimal 214)
   defining Unicode char U+00D8 (decimal 216)
   defining Unicode char U+00D9 (decimal 217)
   defining Unicode char U+00DA (decimal 218)
   defining Unicode char U+00DB (decimal 219)
   defining Unicode char U+00DC (decimal 220)
   defining Unicode char U+00DD (decimal 221)
   defining Unicode char U+00DE (decimal 222)
   defining Unicode char U+00DF (decimal 223)
   defining Unicode char U+00E0 (decimal 224)
   defining Unicode char U+00E1 (decimal 225)
   defining Unicode char U+00E2 (decimal 226)
   defining Unicode char U+00E3 (decimal 227)
   defining Unicode char U+00E4 (decimal 228)
   defining Unicode char U+00E5 (decimal 229)
   defining Unicode char U+00E6 (decimal 230)
   defining Unicode char U+00E7 (decimal 231)
   defining Unicode char U+00E8 (decimal 232)
   defining Unicode char U+00E9 (decimal 233)
   defining Unicode char U+00EA (decimal 234)
   defining Unicode char U+00EB (decimal 235)
   defining Unicode char U+00EC (decimal 236)
   defining Unicode char U+00ED (decimal 237)
   defining Unicode char U+00EE (decimal 238)
   defining Unicode char U+00EF (decimal 239)
   defining Unicode char U+00F0 (decimal 240)
   defining Unicode char U+00F1 (decimal 241)
   defining Unicode char U+00F2 (decimal 242)
   defining Unicode char U+00F3 (decimal 243)
   defining Unicode char U+00F4 (decimal 244)
   defining Unicode char U+00F5 (decimal 245)
   defining Unicode char U+00F6 (decimal 246)
   defining Unicode char U+00F8 (decimal 248)
   defining Unicode char U+00F9 (decimal 249)
   defining Unicode char U+00FA (decimal 250)
   defining Unicode char U+00FB (decimal 251)
   defining Unicode char U+00FC (decimal 252)
   defining Unicode char U+00FD (decimal 253)
   defining Unicode char U+00FE (decimal 254)
   defining Unicode char U+00FF (decimal 255)
   defining Unicode char U+0100 (decimal 256)
   defining Unicode char U+0101 (decimal 257)
   defining Unicode char U+0102 (decimal 258)
   defining Unicode char U+0103 (decimal 259)
   defining Unicode char U+0104 (decimal 260)
   defining Unicode char U+0105 (decimal 261)
   defining Unicode char U+0106 (decimal 262)
   defining Unicode char U+0107 (decimal 263)
   defining Unicode char U+0108 (decimal 264)
   defining Unicode char U+0109 (decimal 265)
   defining Unicode char U+010A (decimal 266)
   defining Unicode char U+010B (decimal 267)
   defining Unicode char U+010C (decimal 268)
   defining Unicode char U+010D (decimal 269)
   defining Unicode char U+010E (decimal 270)
   defining Unicode char U+010F (decimal 271)
   defining Unicode char U+0110 (decimal 272)
   defining Unicode char U+0111 (decimal 273)
   defining Unicode char U+0112 (decimal 274)
   defining Unicode char U+0113 (decimal 275)
   defining Unicode char U+0114 (decimal 276)
   defining Unicode char U+0115 (decimal 277)
   defining Unicode char U+0116 (decimal 278)
   defining Unicode char U+0117 (decimal 279)
   defining Unicode char U+0118 (decimal 280)
   defining Unicode char U+0119 (decimal 281)
   defining Unicode char U+011A (decimal 282)
   defining Unicode char U+011B (decimal 283)
   defining Unicode char U+011C (decimal 284)
   defining Unicode char U+011D (decimal 285)
   defining Unicode char U+011E (decimal 286)
   defining Unicode char U+011F (decimal 287)
   defining Unicode char U+0120 (decimal 288)
   defining Unicode char U+0121 (decimal 289)
   defining Unicode char U+0122 (decimal 290)
   defining Unicode char U+0123 (decimal 291)
   defining Unicode char U+0124 (decimal 292)
   defining Unicode char U+0125 (decimal 293)
   defining Unicode char U+0128 (decimal 296)
   defining Unicode char U+0129 (decimal 297)
   defining Unicode char U+012A (decimal 298)
   defining Unicode char U+012B (decimal 299)
   defining Unicode char U+012C (decimal 300)
   defining Unicode char U+012D (decimal 301)
   defining Unicode char U+012E (decimal 302)
   defining Unicode char U+012F (decimal 303)
   defining Unicode char U+0130 (decimal 304)
   defining Unicode char U+0131 (decimal 305)
   defining Unicode char U+0132 (decimal 306)
   defining Unicode char U+0133 (decimal 307)
   defining Unicode char U+0134 (decimal 308)
   defining Unicode char U+0135 (decimal 309)
   defining Unicode char U+0136 (decimal 310)
   defining Unicode char U+0137 (decimal 311)
   defining Unicode char U+0139 (decimal 313)
   defining Unicode char U+013A (decimal 314)
   defining Unicode char U+013B (decimal 315)
   defining Unicode char U+013C (decimal 316)
   defining Unicode char U+013D (decimal 317)
   defining Unicode char U+013E (decimal 318)
   defining Unicode char U+0141 (decimal 321)
   defining Unicode char U+0142 (decimal 322)
   defining Unicode char U+0143 (decimal 323)
   defining Unicode char U+0144 (decimal 324)
   defining Unicode char U+0145 (decimal 325)
   defining Unicode char U+0146 (decimal 326)
   defining Unicode char U+0147 (decimal 327)
   defining Unicode char U+0148 (decimal 328)
   defining Unicode char U+014A (decimal 330)
   defining Unicode char U+014B (decimal 331)
   defining Unicode char U+014C (decimal 332)
   defining Unicode char U+014D (decimal 333)
   defining Unicode char U+014E (decimal 334)
   defining Unicode char U+014F (decimal 335)
   defining Unicode char U+0150 (decimal 336)
   defining Unicode char U+0151 (decimal 337)
   defining Unicode char U+0152 (decimal 338)
   defining Unicode char U+0153 (decimal 339)
   defining Unicode char U+0154 (decimal 340)
   defining Unicode char U+0155 (decimal 341)
   defining Unicode char U+0156 (decimal 342)
   defining Unicode char U+0157 (decimal 343)
   defining Unicode char U+0158 (decimal 344)
   defining Unicode char U+0159 (decimal 345)
   defining Unicode char U+015A (decimal 346)
   defining Unicode char U+015B (decimal 347)
   defining Unicode char U+015C (decimal 348)
   defining Unicode char U+015D (decimal 349)
   defining Unicode char U+015E (decimal 350)
   defining Unicode char U+015F (decimal 351)
   defining Unicode char U+0160 (decimal 352)
   defining Unicode char U+0161 (decimal 353)
   defining Unicode char U+0162 (decimal 354)
   defining Unicode char U+0163 (decimal 355)
   defining Unicode char U+0164 (decimal 356)
   defining Unicode char U+0165 (decimal 357)
   defining Unicode char U+0168 (decimal 360)
   defining Unicode char U+0169 (decimal 361)
   defining Unicode char U+016A (decimal 362)
   defining Unicode char U+016B (decimal 363)
   defining Unicode char U+016C (decimal 364)
   defining Unicode char U+016D (decimal 365)
   defining Unicode char U+016E (decimal 366)
   defining Unicode char U+016F (decimal 367)
   defining Unicode char U+0170 (decimal 368)
   defining Unicode char U+0171 (decimal 369)
   defining Unicode char U+0172 (decimal 370)
   defining Unicode char U+0173 (decimal 371)
   defining Unicode char U+0174 (decimal 372)
   defining Unicode char U+0175 (decimal 373)
   defining Unicode char U+0176 (decimal 374)
   defining Unicode char U+0177 (decimal 375)
   defining Unicode char U+0178 (decimal 376)
   defining Unicode char U+0179 (decimal 377)
   defining Unicode char U+017A (decimal 378)
   defining Unicode char U+017B (decimal 379)
   defining Unicode char U+017C (decimal 380)
   defining Unicode char U+017D (decimal 381)
   defining Unicode char U+017E (decimal 382)
   defining Unicode char U+01CD (decimal 461)
   defining Unicode char U+01CE (decimal 462)
   defining Unicode char U+01CF (decimal 463)
   defining Unicode char U+01D0 (decimal 464)
   defining Unicode char U+01D1 (decimal 465)
   defining Unicode char U+01D2 (decimal 466)
   defining Unicode char U+01D3 (decimal 467)
   defining Unicode char U+01D4 (decimal 468)
   defining Unicode char U+01E2 (decimal 482)
   defining Unicode char U+01E3 (decimal 483)
   defining Unicode char U+01E6 (decimal 486)
   defining Unicode char U+01E7 (decimal 487)
   defining Unicode char U+01E8 (decimal 488)
   defining Unicode char U+01E9 (decimal 489)
   defining Unicode char U+01EA (decimal 490)
   defining Unicode char U+01EB (decimal 491)
   defining Unicode char U+01F0 (decimal 496)
   defining Unicode char U+01F4 (decimal 500)
   defining Unicode char U+01F5 (decimal 501)
   defining Unicode char U+0218 (decimal 536)
   defining Unicode char U+0219 (decimal 537)
   defining Unicode char U+021A (decimal 538)
   defining Unicode char U+021B (decimal 539)
   defining Unicode char U+0232 (decimal 562)
   defining Unicode char U+0233 (decimal 563)
   defining Unicode char U+1E02 (decimal 7682)
   defining Unicode char U+1E03 (decimal 7683)
   defining Unicode char U+200C (decimal 8204)
   defining Unicode char U+2010 (decimal 8208)
   defining Unicode char U+2011 (decimal 8209)
   defining Unicode char U+2012 (decimal 8210)
   defining Unicode char U+2013 (decimal 8211)
   defining Unicode char U+2014 (decimal 8212)
   defining Unicode char U+2015 (decimal 8213)
   defining Unicode char U+2018 (decimal 8216)
   defining Unicode char U+2019 (decimal 8217)
   defining Unicode char U+201A (decimal 8218)
   defining Unicode char U+201C (decimal 8220)
   defining Unicode char U+201D (decimal 8221)
   defining Unicode char U+201E (decimal 8222)
   defining Unicode char U+2030 (decimal 8240)
   defining Unicode char U+2031 (decimal 8241)
   defining Unicode char U+2039 (decimal 8249)
   defining Unicode char U+203A (decimal 8250)
   defining Unicode char U+2423 (decimal 9251)
   defining Unicode char U+1E20 (decimal 7712)
   defining Unicode char U+1E21 (decimal 7713)
)
Now handling font encoding OT1 ...
... processing UTF-8 mapping file for font encoding OT1

(/usr/share/texlive/texmf-dist/tex/latex/base/ot1enc.dfu
File: ot1enc.dfu 2017/01/28 v1.1t UTF-8 support for inputenc
   defining Unicode char U+00A0 (decimal 160)
   defining Unicode char U+00A1 (decimal 161)
   defining Unicode char U+00A3 (decimal 163)
   defining Unicode char U+00AD (decimal 173)
   defining Unicode char U+00B8 (decimal 184)
   defining Unicode char U+00BF (decimal 191)
   defining Unicode char U+00C5 (decimal 197)
   defining Unicode char U+00C6 (decimal 198)
   defining Unicode char U+00D8 (decimal 216)
   defining Unicode char U+00DF (decimal 223)
   defining Unicode char U+00E6 (decimal 230)
   defining Unicode char U+00EC (decimal 236)
   defining Unicode char U+00ED (decimal 237)
   defining Unicode char U+00EE (decimal 238)
   defining Unicode char U+00EF (decimal 239)
   defining Unicode char U+00F8 (decimal 248)
   defining Unicode char U+0131 (decimal 305)
   defining Unicode char U+0141 (decimal 321)
   defining Unicode char U+0142 (decimal 322)
   defining Unicode char U+0152 (decimal 338)
   defining Unicode char U+0153 (decimal 339)
   defining Unicode char U+0174 (decimal 372)
   defining Unicode char U+0175 (decimal 373)
   defining Unicode char U+0176 (decimal 374)
   defining Unicode char U+0177 (decimal 375)
   defining Unicode char U+0218 (decimal 536)
   defining Unicode char U+0219 (decimal 537)
   defining Unicode char U+021A (decimal 538)
   defining Unicode char U+021B (decimal 539)
   defining Unicode char U+2013 (decimal 8211)
   defining Unicode char U+2014 (decimal 8212)
   defining Unicode char U+2018 (decimal 8216)
   defining Unicode char U+2019 (decimal 8217)
   defining Unicode char U+201C (decimal 8220)
   defining Unicode char U+201D (decimal 8221)
)
Now handling font encoding OMS ...
... processing UTF-8 mapping file for font encoding OMS

(/usr/share/texlive/texmf-dist/tex/latex/base/omsenc.dfu
File: omsenc.dfu 2017/01/28 v1.1t UTF-8 support for inputenc
   defining Unicode char U+00A7 (decimal 167)
   defining Unicode char U+00B6 (decimal 182)
   defining Unicode char U+00B7 (decimal 183)
   defining Unicode char U+2020 (decimal 8224)
   defining Unicode char U+2021 (decimal 8225)
   defining Unicode char U+2022 (decimal 8226)
)
Now handling font encoding OMX ...
... no UTF-8 mapping file for font encoding OMX
Now handling font encoding U ...
... no UTF-8 mapping file for font encoding U
   defining Unicode char U+00A9 (decimal 169)
   defining Unicode char U+00AA (decimal 170)
   defining Unicode char U+00AE (decimal 174)
   defining Unicode char U+00BA (decimal 186)
   defining Unicode char U+02C6 (decimal 710)
   defining Unicode char U+02DC (decimal 732)
   defining Unicode char U+200C (decimal 8204)
   defining Unicode char U+2026 (decimal 8230)
   defining Unicode char U+2122 (decimal 8482)
   defining Unicode char U+2423 (decimal 9251)
))
(/usr/share/texlive/texmf-dist/tex/latex/vmargin/vmargin.sty
Package: vmargin 2004/07/15 V2.5 set document margins (VK)

Package: vmargin 2004/07/15 V2.5 set document margins (VK)
\PaperWidth=\dimen104
\PaperHeight=\dimen105
) (/usr/share/texlive/texmf-dist/tex/latex/hyperref/hyperref.sty
Package: hyperref 2018/02/06 v6.86b Hypertext links for LaTeX

(/usr/share/texlive/texmf-dist/tex/generic/oberdiek/hobsub-hyperref.sty
Package: hobsub-hyperref 2016/05/16 v1.14 Bundle oberdiek, subset hyperref (HO)


(/usr/share/texlive/texmf-dist/tex/generic/oberdiek/hobsub-generic.sty
Package: hobsub-generic 2016/05/16 v1.14 Bundle oberdiek, subset generic (HO)
Package: hobsub 2016/05/16 v1.14 Construct package bundles (HO)
Package: infwarerr 2016/05/16 v1.4 Providing info/warning/error messages (HO)
Package: ltxcmds 2016/05/16 v1.23 LaTeX kernel commands for general use (HO)
Package: ifluatex 2016/05/16 v1.4 Provides the ifluatex switch (HO)
Package ifluatex Info: LuaTeX not detected.
Package: ifvtex 2016/05/16 v1.6 Detect VTeX and its facilities (HO)
Package ifvtex Info: VTeX not detected.
Package: intcalc 2016/05/16 v1.2 Expandable calculations with integers (HO)
Package: ifpdf 2017/03/15 v3.2 Provides the ifpdf switch
Package: etexcmds 2016/05/16 v1.6 Avoid name clashes with e-TeX commands (HO)
Package etexcmds Info: Could not find \expanded.
(etexcmds)             That can mean that you are not using pdfTeX 1.50 or
(etexcmds)             that some package has redefined \expanded.
(etexcmds)             In the latter case, load this package earlier.
Package: kvsetkeys 2016/05/16 v1.17 Key value parser (HO)
Package: kvdefinekeys 2016/05/16 v1.4 Define keys (HO)
Package: pdftexcmds 2018/01/21 v0.26 Utility functions of pdfTeX for LuaTeX (HO
)
Package pdftexcmds Info: LuaTeX not detected.
Package pdftexcmds Info: \pdf@primitive is available.
Package pdftexcmds Info: \pdf@ifprimitive is available.
Package pdftexcmds Info: \pdfdraftmode found.
Package: pdfescape 2016/05/16 v1.14 Implements pdfTeX's escape features (HO)
Package: bigintcalc 2016/05/16 v1.4 Expandable calculations on big integers (HO
)
Package: bitset 2016/05/16 v1.2 Handle bit-vector datatype (HO)
Package: uniquecounter 2016/05/16 v1.3 Provide unlimited unique counter (HO)
)
Package hobsub Info: Skipping package `hobsub' (already loaded).
Package: letltxmacro 2016/05/16 v1.5 Let assignment for LaTeX macros (HO)
Package: hopatch 2016/05/16 v1.3 Wrapper for package hooks (HO)
Package: xcolor-patch 2016/05/16 xcolor patch
Package: atveryend 2016/05/16 v1.9 Hooks at the very end of document (HO)
Package atveryend Info: \enddocument detected (standard20110627).
Package: atbegshi 2016/06/09 v1.18 At begin shipout hook (HO)
Package: refcount 2016/05/16 v3.5 Data extraction from label references (HO)
Package: hycolor 2016/05/16 v1.8 Color options for hyperref/bookmark (HO)
)
(/usr/share/texlive/texmf-dist/tex/latex/graphics/keyval.sty
Package: keyval 2014/10/28 v1.15 key=value parser (DPC)
\KV@toks@=\toks16
)
(/usr/share/texlive/texmf-dist/tex/generic/ifxetex/ifxetex.sty
Package: ifxetex 2010/09/12 v0.6 Provides ifxetex conditional
)
(/usr/share/texlive/texmf-dist/tex/latex/oberdiek/auxhook.sty
Package: auxhook 2016/05/16 v1.4 Hooks for auxiliary files (HO)
)
(/usr/share/texlive/texmf-dist/tex/latex/oberdiek/kvoptions.sty
Package: kvoptions 2016/05/16 v3.12 Key value format for package options (HO)
)
\@linkdim=\dimen106
\Hy@linkcounter=\count89
\Hy@pagecounter=\count90

(/usr/share/texlive/texmf-dist/tex/latex/hyperref/pd1enc.def
File: pd1enc.def 2018/02/06 v6.86b Hyperref: PDFDocEncoding definition (HO)
Now handling font encoding PD1 ...
... no UTF-8 mapping file for font encoding PD1
)
\Hy@SavedSpaceFactor=\count91

(/usr/share/texlive/texmf-dist/tex/latex/latexconfig/hyperref.cfg
File: hyperref.cfg 2002/06/06 v1.2 hyperref configuration of TeXLive
)
Package hyperref Info: Hyper figures OFF on input line 4509.
Package hyperref Info: Link nesting OFF on input line 4514.
Package hyperref Info: Hyper index ON on input line 4517.
Package hyperref Info: Plain pages OFF on input line 4524.
Package hyperref Info: Backreferencing OFF on input line 4529.
Package hyperref Info: Implicit mode ON; LaTeX internals redefined.
Package hyperref Info: Bookmarks ON on input line 4762.
\c@Hy@tempcnt=\count92

(/usr/share/texlive/texmf-dist/tex/latex/url/url.sty
\Urlmuskip=\muskip10
Package: url 2013/09/16  ver 3.4  Verb mode for urls, etc.
)
LaTeX Info: Redefining \url on input line 5115.
\XeTeXLinkMargin=\dimen107
\Fld@menulength=\count93
\Field@Width=\dimen108
\Fld@charsize=\dimen109
Package hyperref Info: Hyper figures OFF on input line 6369.
Package hyperref Info: Link nesting OFF on input line 6374.
Package hyperref Info: Hyper index ON on input line 6377.
Package hyperref Info: backreferencing OFF on input line 6384.
Package hyperref Info: Link coloring OFF on input line 6389.
Package hyperref Info: Link coloring with OCG OFF on input line 6394.
Package hyperref Info: PDF/A mode OFF on input line 6399.
LaTeX Info: Redefining \ref on input line 6439.
LaTeX Info: Redefining \pageref on input line 6443.
\Hy@abspage=\count94
\c@Item=\count95
\c@Hfootnote=\count96
)
Package hyperref Info: Driver (autodetected): hpdftex.

(/usr/share/texlive/texmf-dist/tex/latex/hyperref/hpdftex.def
File: hpdftex.def 2018/02/06 v6.86b Hyperref driver for pdfTeX
\Fld@listcount=\count97
\c@bookmark@seq@number=\count98

(/usr/share/texlive/texmf-dist/tex/latex/oberdiek/rerunfilecheck.sty
Package: rerunfilecheck 2016/05/16 v1.8 Rerun checks for auxiliary files (HO)
Package uniquecounter Info: New unique counter `rerunfilecheck' on input line 2
82.
)
\Hy@SectionHShift=\skip43
)
(/usr/share/texlive/texmf-dist/tex/latex/amsmath/amsmath.sty
Package: amsmath 2017/09/02 v2.17a AMS math features
\@mathmargin=\skip44

For additional information on amsmath, use the `?' option.
(/usr/share/texlive/texmf-dist/tex/latex/amsmath/amstext.sty
Package: amstext 2000/06/29 v2.01 AMS text

(/usr/share/texlive/texmf-dist/tex/latex/amsmath/amsgen.sty
File: amsgen.sty 1999/11/30 v2.0 generic functions
\@emptytoks=\toks17
\ex@=\dimen110
))
(/usr/share/texlive/texmf-dist/tex/latex/amsmath/amsbsy.sty
Package: amsbsy 1999/11/29 v1.2d Bold Symbols
\pmbraise@=\dimen111
)
(/usr/share/texlive/texmf-dist/tex/latex/amsmath/amsopn.sty
Package: amsopn 2016/03/08 v2.02 operator names
)
\inf@bad=\count99
LaTeX Info: Redefining \frac on input line 213.
\uproot@=\count100
\leftroot@=\count101
LaTeX Info: Redefining \overline on input line 375.
\classnum@=\count102
\DOTSCASE@=\count103
LaTeX Info: Redefining \ldots on input line 472.
LaTeX Info: Redefining \dots on input line 475.
LaTeX Info: Redefining \cdots on input line 596.
\Mathstrutbox@=\box26
\strutbox@=\box27
\big@size=\dimen112
LaTeX Font Info:    Redeclaring font encoding OML on input line 712.
LaTeX Font Info:    Redeclaring font encoding OMS on input line 713.
\macc@depth=\count104
\c@MaxMatrixCols=\count105
\dotsspace@=\muskip11
\c@parentequation=\count106
\dspbrk@lvl=\count107
\tag@help=\toks18
\row@=\count108
\column@=\count109
\maxfields@=\count110
\andhelp@=\toks19
\eqnshift@=\dimen113
\alignsep@=\dimen114
\tagshift@=\dimen115
\tagwidth@=\dimen116
\totwidth@=\dimen117
\lineht@=\dimen118
\@envbody=\toks20
\multlinegap=\skip45
\multlinetaggap=\skip46
\mathdisplay@stack=\toks21
LaTeX Info: Redefining \[ on input line 2817.
LaTeX Info: Redefining \] on input line 2818.
)
(/usr/share/texlive/texmf-dist/tex/latex/amsfonts/amssymb.sty
Package: amssymb 2013/01/14 v3.01 AMS font symbols

(/usr/share/texlive/texmf-dist/tex/latex/amsfonts/amsfonts.sty
Package: amsfonts 2013/01/14 v3.01 Basic AMSFonts support
\symAMSa=\mathgroup4
\symAMSb=\mathgroup5
LaTeX Font Info:    Overwriting math alphabet `\mathfrak' in version `bold'
(Font)                  U/euf/m/n --> U/euf/b/n on input line 106.
))
(/usr/share/texlive/texmf-dist/tex/latex/amscls/amsthm.sty
Package: amsthm 2017/10/31 v2.20.4
\thm@style=\toks22
\thm@bodyfont=\toks23
\thm@headfont=\toks24
\thm@notefont=\toks25
\thm@headpunct=\toks26
\thm@preskip=\skip47
\thm@postskip=\skip48
\thm@headsep=\skip49
\dth@everypar=\toks27
)
(/usr/share/texlive/texmf-dist/tex/latex/amsfonts/eucal.sty
Package: eucal 2009/06/22 v3.00 Euler Script fonts
LaTeX Font Info:    Overwriting math alphabet `\EuScript' in version `bold'
(Font)                  U/eus/m/n --> U/eus/b/n on input line 33.
)
(/usr/share/texlive/texmf-dist/tex/latex/biblatex/biblatex.sty
Package: biblatex 2017/12/19 v3.10 programmable bibliographies (PK/JW/AB)

(/usr/share/texlive/texmf-dist/tex/latex/etoolbox/etoolbox.sty
Package: etoolbox 2018/02/11 v2.5e e-TeX tools for LaTeX (JAW)
\etb@tempcnta=\count111
)
(/usr/share/texlive/texmf-dist/tex/latex/logreq/logreq.sty
Package: logreq 2010/08/04 v1.0 xml request logger
\lrq@indent=\count112

(/usr/share/texlive/texmf-dist/tex/latex/logreq/logreq.def
File: logreq.def 2010/08/04 v1.0 logreq spec v1.0
))
(/usr/share/texlive/texmf-dist/tex/latex/base/ifthen.sty
Package: ifthen 2014/09/29 v1.1c Standard LaTeX ifthen package (DPC)
)
(/usr/share/texlive/texmf-dist/tex/generic/xstring/xstring.sty
(/usr/share/texlive/texmf-dist/tex/generic/xstring/xstring.tex
\@xs@message=\write3
\integerpart=\count113
\decimalpart=\count114
)
Package: xstring 2013/10/13  v1.7c  String manipulations (C Tellechea)
)
\c@tabx@nest=\count115
\c@listtotal=\count116
\c@listcount=\count117
\c@liststart=\count118
\c@liststop=\count119
\c@citecount=\count120
\c@citetotal=\count121
\c@multicitecount=\count122
\c@multicitetotal=\count123
\c@instcount=\count124
\c@maxnames=\count125
\c@minnames=\count126
\c@maxitems=\count127
\c@minitems=\count128
\c@citecounter=\count129
\c@savedcitecounter=\count130
\c@uniquelist=\count131
\c@uniquename=\count132
\c@refsection=\count133
\c@refsegment=\count134
\c@maxextratitle=\count135
\c@maxextratitleyear=\count136
\c@maxextradate=\count137
\c@maxextraalpha=\count138
\c@abbrvpenalty=\count139
\c@highnamepenalty=\count140
\c@lownamepenalty=\count141
\c@maxparens=\count142
\c@parenlevel=\count143
\blx@tempcnta=\count144
\blx@tempcntb=\count145
\blx@tempcntc=\count146
\blx@maxsection=\count147
\blx@maxsegment@0=\count148
\blx@notetype=\count149
\blx@parenlevel@text=\count150
\blx@parenlevel@foot=\count151
\blx@sectionciteorder@0=\count152
\labelnumberwidth=\skip50
\labelalphawidth=\skip51
\biblabelsep=\skip52
\bibitemsep=\skip53
\bibnamesep=\skip54
\bibinitsep=\skip55
\bibparsep=\skip56
\bibhang=\skip57
\blx@bcfin=\read1
\blx@bcfout=\write4
\c@mincomprange=\count153
\c@maxcomprange=\count154
\c@mincompwidth=\count155
Package biblatex Info: Trying to load biblatex default data model...
Package biblatex Info: ... file 'blx-dm.def' found.

(/usr/share/texlive/texmf-dist/tex/latex/biblatex/blx-dm.def)
Package biblatex Info: Trying to load biblatex style data model...
Package biblatex Info: ... file 'ieee.dbx' not found.
Package biblatex Info: Trying to load biblatex custom data model...
Package biblatex Info: ... file 'biblatex-dm.cfg' found.

(./biblatex-dm.cfg)
\c@afterword=\count156
\c@savedafterword=\count157
\c@annotator=\count158
\c@savedannotator=\count159
\c@author=\count160
\c@savedauthor=\count161
\c@bookauthor=\count162
\c@savedbookauthor=\count163
\c@commentator=\count164
\c@savedcommentator=\count165
\c@editor=\count166
\c@savededitor=\count167
\c@editora=\count168
\c@savededitora=\count169
\c@editorb=\count170
\c@savededitorb=\count171
\c@editorc=\count172
\c@savededitorc=\count173
\c@foreword=\count174
\c@savedforeword=\count175
\c@holder=\count176
\c@savedholder=\count177
\c@introduction=\count178
\c@savedintroduction=\count179
\c@namea=\count180
\c@savednamea=\count181
\c@nameb=\count182
\c@savednameb=\count183
\c@namec=\count184
\c@savednamec=\count185
\c@translator=\count186
\c@savedtranslator=\count187
\c@shortauthor=\count188
\c@savedshortauthor=\count189
\c@shorteditor=\count190
\c@savedshorteditor=\count191
\c@labelname=\count192
\c@savedlabelname=\count193
\c@institution=\count194
\c@savedinstitution=\count195
\c@lista=\count196
\c@savedlista=\count197
\c@listb=\count198
\c@savedlistb=\count199
\c@listc=\count266
\c@savedlistc=\count267
\c@listd=\count268
\c@savedlistd=\count269
\c@liste=\count270
\c@savedliste=\count271
\c@listf=\count272
\c@savedlistf=\count273
\c@location=\count274
\c@savedlocation=\count275
\c@organization=\count276
\c@savedorganization=\count277
\c@origlocation=\count278
\c@savedoriglocation=\count279
\c@origpublisher=\count280
\c@savedorigpublisher=\count281
\c@publisher=\count282
\c@savedpublisher=\count283
\c@language=\count284
\c@savedlanguage=\count285
\c@origlanguage=\count286
\c@savedoriglanguage=\count287
\c@pageref=\count288
\c@savedpageref=\count289
\shorthandwidth=\skip58
\shortjournalwidth=\skip59
\shortserieswidth=\skip60
\shorttitlewidth=\skip61
\shortauthorwidth=\skip62
\shorteditorwidth=\skip63
Package biblatex Info: Trying to load compatibility code...
Package biblatex Info: ... file 'blx-compat.def' found.

(/usr/share/texlive/texmf-dist/tex/latex/biblatex/blx-compat.def
File: blx-compat.def 2017/12/19 v3.10 biblatex compatibility (PK/JW/AB)
)
Package biblatex Info: Trying to load generic definitions...
Package biblatex Info: ... file 'biblatex.def' found.

(/usr/share/texlive/texmf-dist/tex/latex/biblatex/biblatex.def
File: biblatex.def 2017/12/19 v3.10 biblatex compatibility (PK/JW/AB)
\c@textcitecount=\count290
\c@textcitetotal=\count291
\c@textcitemaxnames=\count292
\c@biburlnumpenalty=\count293
\c@biburlucpenalty=\count294
\c@biburllcpenalty=\count295
\c@smartand=\count296
)
Package biblatex Info: Trying to load bibliography style 'ieee'...
Package biblatex Info: ... file 'ieee.bbx' found.

(/usr/share/texlive/texmf-dist/tex/latex/biblatex-ieee/ieee.bbx
File: ieee.bbx 2017/03/27 v1.2d biblatex bibliography style
Package biblatex Info: Trying to load bibliography style 'numeric-comp'...
Package biblatex Info: ... file 'numeric-comp.bbx' found.

(/usr/share/texlive/texmf-dist/tex/latex/biblatex/bbx/numeric-comp.bbx
File: numeric-comp.bbx 2017/12/19 v3.10 biblatex bibliography style (PK/JW/AB)
Package biblatex Info: Trying to load bibliography style 'numeric'...
Package biblatex Info: ... file 'numeric.bbx' found.

(/usr/share/texlive/texmf-dist/tex/latex/biblatex/bbx/numeric.bbx
File: numeric.bbx 2017/12/19 v3.10 biblatex bibliography style (PK/JW/AB)
Package biblatex Info: Trying to load bibliography style 'standard'...
Package biblatex Info: ... file 'standard.bbx' found.

(/usr/share/texlive/texmf-dist/tex/latex/biblatex/bbx/standard.bbx
File: standard.bbx 2017/12/19 v3.10 biblatex bibliography style (PK/JW/AB)
\c@bbx:relatedcount=\count297
\c@bbx:relatedtotal=\count298
))))
Package biblatex Info: Trying to load citation style 'ieee'...
Package biblatex Info: ... file 'ieee.cbx' found.

(/usr/share/texlive/texmf-dist/tex/latex/biblatex-ieee/ieee.cbx
File: ieee.cbx 2017/03/27 v1.2d biblatex citation style
Package biblatex Info: Trying to load citation style 'numeric-comp'...
Package biblatex Info: ... file 'numeric-comp.cbx' found.

(/usr/share/texlive/texmf-dist/tex/latex/biblatex/cbx/numeric-comp.cbx
File: numeric-comp.cbx 2017/12/19 v3.10 biblatex citation style (PK/JW/AB)
\c@cbx@tempcnta=\count299
\c@cbx@tempcntb=\count300
Package biblatex Info: Redefining '\cite'.
Package biblatex Info: Redefining '\parencite'.
Package biblatex Info: Redefining '\footcite'.
Package biblatex Info: Redefining '\footcitetext'.
Package biblatex Info: Redefining '\smartcite'.
Package biblatex Info: Redefining '\supercite'.
Package biblatex Info: Redefining '\textcite'.
Package biblatex Info: Redefining '\textcites'.
Package biblatex Info: Redefining '\cites'.
Package biblatex Info: Redefining '\parencites'.
Package biblatex Info: Redefining '\smartcites'.
)
Package biblatex Info: Redefining '\cite'.
Package biblatex Info: Redefining '\cites'.
)
Package biblatex Info: Trying to load configuration file...
Package biblatex Info: ... file 'biblatex.cfg' found.

(/usr/share/texlive/texmf-dist/tex/latex/biblatex/biblatex.cfg
File: biblatex.cfg 
)

Package biblatex Warning: 'firstinits' option is deprecated.
(biblatex)                Please use 'giveninits' instead.

) (/usr/share/texlive/texmf-dist/tex/latex/filecontents/filecontents.sty
Package: filecontents 2011/10/08 v1.3 Create an external file from within a LaT
eX document
)
(/usr/share/texlive/texmf-dist/tex/latex/comment/comment.sty
\CommentStream=\write5

Excluding comment 'comment')
(/usr/share/texlive/texmf-dist/tex/latex/graphics/graphicx.sty
Package: graphicx 2017/06/01 v1.1a Enhanced LaTeX Graphics (DPC,SPQR)

(/usr/share/texlive/texmf-dist/tex/latex/graphics/graphics.sty
Package: graphics 2017/06/25 v1.2c Standard LaTeX Graphics (DPC,SPQR)

(/usr/share/texlive/texmf-dist/tex/latex/graphics/trig.sty
Package: trig 2016/01/03 v1.10 sin cos tan (DPC)
)
(/usr/share/texlive/texmf-dist/tex/latex/graphics-cfg/graphics.cfg
File: graphics.cfg 2016/06/04 v1.11 sample graphics configuration
)
Package graphics Info: Driver file: pdftex.def on input line 99.

(/usr/share/texlive/texmf-dist/tex/latex/graphics-def/pdftex.def
File: pdftex.def 2018/01/08 v1.0l Graphics/color driver for pdftex
))
\Gin@req@height=\dimen119
\Gin@req@width=\dimen120
)
(/usr/share/texlive/texmf-dist/tex/latex/fancyhdr/fancyhdr.sty
Package: fancyhdr 2017/06/30 v3.9a Extensive control of page headers and footer
s
\f@nch@headwidth=\skip64
\f@nch@O@elh=\skip65
\f@nch@O@erh=\skip66
\f@nch@O@olh=\skip67
\f@nch@O@orh=\skip68
\f@nch@O@elf=\skip69
\f@nch@O@erf=\skip70
\f@nch@O@olf=\skip71
\f@nch@O@orf=\skip72
)
(/usr/share/texlive/texmf-dist/tex/latex/fancybox/fancybox.sty
Package: fancybox 2010/05/15 1.4

Style option: `fancybox' v1.4 <2010/05/15> (tvz)
\@fancybox=\box28
\shadowsize=\dimen121
\@Sbox=\box29
\do@VerbBox=\toks28
\the@fancyput=\toks29
\this@fancyput=\toks30
\EndVerbatimTokens=\toks31
\Verbatim@Outfile=\write6
\Verbatim@Infile=\read2
) (/usr/share/texlive/texmf-dist/tex/latex/graphics/color.sty
Package: color 2016/07/10 v1.1e Standard LaTeX Color (DPC)

(/usr/share/texlive/texmf-dist/tex/latex/graphics-cfg/color.cfg
File: color.cfg 2016/01/02 v1.6 sample color configuration
)
Package color Info: Driver file: pdftex.def on input line 147.
)
(/usr/share/texlive/texmf-dist/tex/latex/oberdiek/epstopdf.sty
Package: epstopdf 2016/05/15 v2.6 Conversion with epstopdf on the fly (HO)

(/usr/share/texlive/texmf-dist/tex/latex/oberdiek/epstopdf-base.sty
Package: epstopdf-base 2016/05/15 v2.6 Base part for package epstopdf

(/usr/share/texlive/texmf-dist/tex/latex/oberdiek/grfext.sty
Package: grfext 2016/05/16 v1.2 Manage graphics extensions (HO)
)
Package epstopdf-base Info: Redefining graphics rule for `.eps' on input line 4
38.
Package grfext Info: Graphics extension search list:
(grfext)             [.pdf,.png,.jpg,.mps,.jpeg,.jbig2,.jb2,.PDF,.PNG,.JPG,.JPE
G,.JBIG2,.JB2,.eps]
(grfext)             \AppendGraphicsExtensions on input line 456.

(/usr/share/texlive/texmf-dist/tex/latex/latexconfig/epstopdf-sys.cfg
File: epstopdf-sys.cfg 2010/07/13 v1.3 Configuration of (r)epstopdf for TeX Liv
e
)))
(/usr/share/texlive/texmf-dist/tex/latex/float/float.sty
Package: float 2001/11/08 v1.3d Float enhancements (AL)
\c@float@type=\count301
\float@exts=\toks32
\float@box=\box30
\@float@everytoks=\toks33
\@floatcapt=\box31
)
(/usr/share/texlive/texmf-dist/tex/latex/diagbox/diagbox.sty
Package: diagbox 2016/12/28 v2.2 Making table heads with diagonal lines

(/usr/share/texlive/texmf-dist/tex/latex/pict2e/pict2e.sty
Package: pict2e 2016/02/05 v0.3b Improved picture commands (HjG,RN,JT)

(/usr/share/texlive/texmf-dist/tex/latex/pict2e/pict2e.cfg
File: pict2e.cfg 2016/02/05 v0.1u pict2e configuration for teTeX/TeXLive
)
Package pict2e Info: Driver file: pdftex.def on input line 119.
Package pict2e Info: Driver file for pict2e: p2e-pdftex.def on input line 121.

(/usr/share/texlive/texmf-dist/tex/latex/pict2e/p2e-pdftex.def
File: p2e-pdftex.def 2016/02/05 v0.1u Driver-dependant file (RN,HjG,JT)
)
\pIIe@GRAPH=\toks34
\@arclen=\dimen122
\@arcrad=\dimen123
\@tempdimd=\dimen124
)
(/usr/share/texlive/texmf-dist/tex/latex/fp/fp.sty
Package: fp 1995/04/02

`Fixed Point Package', Version 0.8, April 2, 1995 (C) Michael Mehlich
(/usr/share/texlive/texmf-dist/tex/latex/fp/defpattern.sty
Package: defpattern 1994/10/12
\actioncount=\count302
)
(/usr/share/texlive/texmf-dist/tex/latex/fp/fp-basic.sty
Package: fp-basic 1996/05/13
\FP@xs=\count303
\FP@xia=\count304
\FP@xib=\count305
\FP@xfa=\count306
\FP@xfb=\count307
\FP@rega=\count308
\FP@regb=\count309
\FP@regs=\count310
\FP@times=\count311
)
(/usr/share/texlive/texmf-dist/tex/latex/fp/fp-addons.sty
Package: fp-addons 1995/03/15
)
(/usr/share/texlive/texmf-dist/tex/latex/fp/fp-snap.sty
Package: fp-snap 1995/04/05
)
(/usr/share/texlive/texmf-dist/tex/latex/fp/fp-exp.sty
Package: fp-exp 1995/04/03
)
(/usr/share/texlive/texmf-dist/tex/latex/fp/fp-trigo.sty
Package: fp-trigo 1995/04/14
)
(/usr/share/texlive/texmf-dist/tex/latex/fp/fp-pas.sty
Package: fp-pas 1994/08/29
)
(/usr/share/texlive/texmf-dist/tex/latex/fp/fp-random.sty
Package: fp-random 1995/02/23
\FPseed=\count312
)
(/usr/share/texlive/texmf-dist/tex/latex/fp/fp-eqn.sty
Package: fp-eqn 1995/04/03
)
(/usr/share/texlive/texmf-dist/tex/latex/fp/fp-upn.sty
Package: fp-upn 1996/10/21
)
(/usr/share/texlive/texmf-dist/tex/latex/fp/fp-eval.sty
Package: fp-eval 1995/04/03
))
(/usr/share/texlive/texmf-dist/tex/latex/tools/calc.sty
Package: calc 2014/10/28 v4.3 Infix arithmetic (KKT,FJ)
\calc@Acount=\count313
\calc@Bcount=\count314
\calc@Adimen=\dimen125
\calc@Bdimen=\dimen126
\calc@Askip=\skip73
\calc@Bskip=\skip74
LaTeX Info: Redefining \setlength on input line 80.
LaTeX Info: Redefining \addtolength on input line 81.
\calc@Ccount=\count315
\calc@Cskip=\skip75
)
(/usr/share/texlive/texmf-dist/tex/latex/tools/array.sty
Package: array 2016/10/06 v2.4d Tabular extension package (FMi)
\col@sep=\dimen127
\extrarowheight=\dimen128
\NC@list=\toks35
\extratabsurround=\skip76
\backup@length=\skip77
)
\diagbox@boxa=\box32
\diagbox@boxb=\box33
\diagbox@boxm=\box34
\diagbox@wd=\dimen129
\diagbox@ht=\dimen130
\diagbox@insepl=\dimen131
\diagbox@insepr=\dimen132
\diagbox@outsepl=\dimen133
\diagbox@outsepr=\dimen134
)
(/usr/share/texlive/texmf-dist/tex/latex/caption/caption.sty
Package: caption 2016/02/21 v3.3-144 Customizing captions (AR)

(/usr/share/texlive/texmf-dist/tex/latex/caption/caption3.sty
Package: caption3 2016/05/22 v1.7-166 caption3 kernel (AR)
Package caption3 Info: TeX engine: e-TeX on input line 67.
\captionmargin=\dimen135
\captionmargin@=\dimen136
\captionwidth=\dimen137
\caption@tempdima=\dimen138
\caption@indent=\dimen139
\caption@parindent=\dimen140
\caption@hangindent=\dimen141
)
\c@ContinuedFloat=\count316
Package caption Info: float package is loaded.
Package caption Info: hyperref package is loaded.
)
(/usr/share/texlive/texmf-dist/tex/latex/pgf/frontendlayer/tikz.sty
(/usr/share/texlive/texmf-dist/tex/latex/pgf/basiclayer/pgf.sty
(/usr/share/texlive/texmf-dist/tex/latex/pgf/utilities/pgfrcs.sty
(/usr/share/texlive/texmf-dist/tex/generic/pgf/utilities/pgfutil-common.tex
\pgfutil@everybye=\toks36
\pgfutil@tempdima=\dimen142
\pgfutil@tempdimb=\dimen143

(/usr/share/texlive/texmf-dist/tex/generic/pgf/utilities/pgfutil-common-lists.t
ex)) (/usr/share/texlive/texmf-dist/tex/generic/pgf/utilities/pgfutil-latex.def
\pgfutil@abb=\box35
(/usr/share/texlive/texmf-dist/tex/latex/ms/everyshi.sty
Package: everyshi 2001/05/15 v3.00 EveryShipout Package (MS)
))
(/usr/share/texlive/texmf-dist/tex/generic/pgf/utilities/pgfrcs.code.tex
Package: pgfrcs 2015/08/07 v3.0.1a (rcs-revision 1.31)
))
Package: pgf 2015/08/07 v3.0.1a (rcs-revision 1.15)

(/usr/share/texlive/texmf-dist/tex/latex/pgf/basiclayer/pgfcore.sty
(/usr/share/texlive/texmf-dist/tex/latex/pgf/systemlayer/pgfsys.sty
(/usr/share/texlive/texmf-dist/tex/generic/pgf/systemlayer/pgfsys.code.tex
Package: pgfsys 2014/07/09 v3.0.1a (rcs-revision 1.48)

(/usr/share/texlive/texmf-dist/tex/generic/pgf/utilities/pgfkeys.code.tex
\pgfkeys@pathtoks=\toks37
\pgfkeys@temptoks=\toks38

(/usr/share/texlive/texmf-dist/tex/generic/pgf/utilities/pgfkeysfiltered.code.t
ex
\pgfkeys@tmptoks=\toks39
))
\pgf@x=\dimen144
\pgf@y=\dimen145
\pgf@xa=\dimen146
\pgf@ya=\dimen147
\pgf@xb=\dimen148
\pgf@yb=\dimen149
\pgf@xc=\dimen150
\pgf@yc=\dimen151
\w@pgf@writea=\write7
\r@pgf@reada=\read3
\c@pgf@counta=\count317
\c@pgf@countb=\count318
\c@pgf@countc=\count319
\c@pgf@countd=\count320
\t@pgf@toka=\toks40
\t@pgf@tokb=\toks41
\t@pgf@tokc=\toks42
 (/usr/share/texlive/texmf-dist/tex/generic/pgf/systemlayer/pgf.cfg
File: pgf.cfg 2008/05/14  (rcs-revision 1.7)
)
Driver file for pgf: pgfsys-pdftex.def

(/usr/share/texlive/texmf-dist/tex/generic/pgf/systemlayer/pgfsys-pdftex.def
File: pgfsys-pdftex.def 2014/10/11  (rcs-revision 1.35)

(/usr/share/texlive/texmf-dist/tex/generic/pgf/systemlayer/pgfsys-common-pdf.de
f
File: pgfsys-common-pdf.def 2013/10/10  (rcs-revision 1.13)
)))
(/usr/share/texlive/texmf-dist/tex/generic/pgf/systemlayer/pgfsyssoftpath.code.
tex
File: pgfsyssoftpath.code.tex 2013/09/09  (rcs-revision 1.9)
\pgfsyssoftpath@smallbuffer@items=\count321
\pgfsyssoftpath@bigbuffer@items=\count322
)
(/usr/share/texlive/texmf-dist/tex/generic/pgf/systemlayer/pgfsysprotocol.code.
tex
File: pgfsysprotocol.code.tex 2006/10/16  (rcs-revision 1.4)
)) (/usr/share/texlive/texmf-dist/tex/latex/xcolor/xcolor.sty
Package: xcolor 2016/05/11 v2.12 LaTeX color extensions (UK)

(/usr/share/texlive/texmf-dist/tex/latex/graphics-cfg/color.cfg
File: color.cfg 2016/01/02 v1.6 sample color configuration
)
Package xcolor Info: Driver file: pdftex.def on input line 225.
LaTeX Info: Redefining \color on input line 709.
Package xcolor Info: Model `cmy' substituted by `cmy0' on input line 1348.
Package xcolor Info: Model `hsb' substituted by `rgb' on input line 1352.
Package xcolor Info: Model `RGB' extended on input line 1364.
Package xcolor Info: Model `HTML' substituted by `rgb' on input line 1366.
Package xcolor Info: Model `Hsb' substituted by `hsb' on input line 1367.
Package xcolor Info: Model `tHsb' substituted by `hsb' on input line 1368.
Package xcolor Info: Model `HSB' substituted by `hsb' on input line 1369.
Package xcolor Info: Model `Gray' substituted by `gray' on input line 1370.
Package xcolor Info: Model `wave' substituted by `hsb' on input line 1371.
)
(/usr/share/texlive/texmf-dist/tex/generic/pgf/basiclayer/pgfcore.code.tex
Package: pgfcore 2010/04/11 v3.0.1a (rcs-revision 1.7)

(/usr/share/texlive/texmf-dist/tex/generic/pgf/math/pgfmath.code.tex
(/usr/share/texlive/texmf-dist/tex/generic/pgf/math/pgfmathcalc.code.tex
(/usr/share/texlive/texmf-dist/tex/generic/pgf/math/pgfmathutil.code.tex)
(/usr/share/texlive/texmf-dist/tex/generic/pgf/math/pgfmathparser.code.tex
\pgfmath@dimen=\dimen152
\pgfmath@count=\count323
\pgfmath@box=\box36
\pgfmath@toks=\toks43
\pgfmath@stack@operand=\toks44
\pgfmath@stack@operation=\toks45
)
(/usr/share/texlive/texmf-dist/tex/generic/pgf/math/pgfmathfunctions.code.tex
(/usr/share/texlive/texmf-dist/tex/generic/pgf/math/pgfmathfunctions.basic.code
.tex)
(/usr/share/texlive/texmf-dist/tex/generic/pgf/math/pgfmathfunctions.trigonomet
ric.code.tex)
(/usr/share/texlive/texmf-dist/tex/generic/pgf/math/pgfmathfunctions.random.cod
e.tex)
(/usr/share/texlive/texmf-dist/tex/generic/pgf/math/pgfmathfunctions.comparison
.code.tex)
(/usr/share/texlive/texmf-dist/tex/generic/pgf/math/pgfmathfunctions.base.code.
tex)
(/usr/share/texlive/texmf-dist/tex/generic/pgf/math/pgfmathfunctions.round.code
.tex)
(/usr/share/texlive/texmf-dist/tex/generic/pgf/math/pgfmathfunctions.misc.code.
tex)
(/usr/share/texlive/texmf-dist/tex/generic/pgf/math/pgfmathfunctions.integerari
thmetics.code.tex)))
(/usr/share/texlive/texmf-dist/tex/generic/pgf/math/pgfmathfloat.code.tex
\c@pgfmathroundto@lastzeros=\count324
))
(/usr/share/texlive/texmf-dist/tex/generic/pgf/basiclayer/pgfcorepoints.code.te
x
File: pgfcorepoints.code.tex 2013/10/07  (rcs-revision 1.27)
\pgf@picminx=\dimen153
\pgf@picmaxx=\dimen154
\pgf@picminy=\dimen155
\pgf@picmaxy=\dimen156
\pgf@pathminx=\dimen157
\pgf@pathmaxx=\dimen158
\pgf@pathminy=\dimen159
\pgf@pathmaxy=\dimen160
\pgf@xx=\dimen161
\pgf@xy=\dimen162
\pgf@yx=\dimen163
\pgf@yy=\dimen164
\pgf@zx=\dimen165
\pgf@zy=\dimen166
)
(/usr/share/texlive/texmf-dist/tex/generic/pgf/basiclayer/pgfcorepathconstruct.
code.tex
File: pgfcorepathconstruct.code.tex 2013/10/07  (rcs-revision 1.29)
\pgf@path@lastx=\dimen167
\pgf@path@lasty=\dimen168
)
(/usr/share/texlive/texmf-dist/tex/generic/pgf/basiclayer/pgfcorepathusage.code
.tex
File: pgfcorepathusage.code.tex 2014/11/02  (rcs-revision 1.24)
\pgf@shorten@end@additional=\dimen169
\pgf@shorten@start@additional=\dimen170
)
(/usr/share/texlive/texmf-dist/tex/generic/pgf/basiclayer/pgfcorescopes.code.te
x
File: pgfcorescopes.code.tex 2015/05/08  (rcs-revision 1.46)
\pgfpic=\box37
\pgf@hbox=\box38
\pgf@layerbox@main=\box39
\pgf@picture@serial@count=\count325
)
(/usr/share/texlive/texmf-dist/tex/generic/pgf/basiclayer/pgfcoregraphicstate.c
ode.tex
File: pgfcoregraphicstate.code.tex 2014/11/02  (rcs-revision 1.12)
\pgflinewidth=\dimen171
)
(/usr/share/texlive/texmf-dist/tex/generic/pgf/basiclayer/pgfcoretransformation
s.code.tex
File: pgfcoretransformations.code.tex 2015/08/07  (rcs-revision 1.20)
\pgf@pt@x=\dimen172
\pgf@pt@y=\dimen173
\pgf@pt@temp=\dimen174
)
(/usr/share/texlive/texmf-dist/tex/generic/pgf/basiclayer/pgfcorequick.code.tex
File: pgfcorequick.code.tex 2008/10/09  (rcs-revision 1.3)
)
(/usr/share/texlive/texmf-dist/tex/generic/pgf/basiclayer/pgfcoreobjects.code.t
ex
File: pgfcoreobjects.code.tex 2006/10/11  (rcs-revision 1.2)
)
(/usr/share/texlive/texmf-dist/tex/generic/pgf/basiclayer/pgfcorepathprocessing
.code.tex
File: pgfcorepathprocessing.code.tex 2013/09/09  (rcs-revision 1.9)
)
(/usr/share/texlive/texmf-dist/tex/generic/pgf/basiclayer/pgfcorearrows.code.te
x
File: pgfcorearrows.code.tex 2015/05/14  (rcs-revision 1.43)
\pgfarrowsep=\dimen175
)
(/usr/share/texlive/texmf-dist/tex/generic/pgf/basiclayer/pgfcoreshade.code.tex
File: pgfcoreshade.code.tex 2013/07/15  (rcs-revision 1.15)
\pgf@max=\dimen176
\pgf@sys@shading@range@num=\count326
)
(/usr/share/texlive/texmf-dist/tex/generic/pgf/basiclayer/pgfcoreimage.code.tex
File: pgfcoreimage.code.tex 2013/07/15  (rcs-revision 1.18)

(/usr/share/texlive/texmf-dist/tex/generic/pgf/basiclayer/pgfcoreexternal.code.
tex
File: pgfcoreexternal.code.tex 2014/07/09  (rcs-revision 1.21)
\pgfexternal@startupbox=\box40
))
(/usr/share/texlive/texmf-dist/tex/generic/pgf/basiclayer/pgfcorelayers.code.te
x
File: pgfcorelayers.code.tex 2013/07/18  (rcs-revision 1.7)
)
(/usr/share/texlive/texmf-dist/tex/generic/pgf/basiclayer/pgfcoretransparency.c
ode.tex
File: pgfcoretransparency.code.tex 2013/09/30  (rcs-revision 1.5)
)
(/usr/share/texlive/texmf-dist/tex/generic/pgf/basiclayer/pgfcorepatterns.code.
tex
File: pgfcorepatterns.code.tex 2013/11/07  (rcs-revision 1.5)
)))
(/usr/share/texlive/texmf-dist/tex/generic/pgf/modules/pgfmoduleshapes.code.tex
File: pgfmoduleshapes.code.tex 2014/03/21  (rcs-revision 1.35)
\pgfnodeparttextbox=\box41
) (/usr/share/texlive/texmf-dist/tex/generic/pgf/modules/pgfmoduleplot.code.tex
File: pgfmoduleplot.code.tex 2015/08/03  (rcs-revision 1.13)
)
(/usr/share/texlive/texmf-dist/tex/latex/pgf/compatibility/pgfcomp-version-0-65
.sty
Package: pgfcomp-version-0-65 2007/07/03 v3.0.1a (rcs-revision 1.7)
\pgf@nodesepstart=\dimen177
\pgf@nodesepend=\dimen178
)
(/usr/share/texlive/texmf-dist/tex/latex/pgf/compatibility/pgfcomp-version-1-18
.sty
Package: pgfcomp-version-1-18 2007/07/23 v3.0.1a (rcs-revision 1.1)
)) (/usr/share/texlive/texmf-dist/tex/latex/pgf/utilities/pgffor.sty
(/usr/share/texlive/texmf-dist/tex/latex/pgf/utilities/pgfkeys.sty
(/usr/share/texlive/texmf-dist/tex/generic/pgf/utilities/pgfkeys.code.tex))
(/usr/share/texlive/texmf-dist/tex/latex/pgf/math/pgfmath.sty
(/usr/share/texlive/texmf-dist/tex/generic/pgf/math/pgfmath.code.tex))
(/usr/share/texlive/texmf-dist/tex/generic/pgf/utilities/pgffor.code.tex
Package: pgffor 2013/12/13 v3.0.1a (rcs-revision 1.25)

(/usr/share/texlive/texmf-dist/tex/generic/pgf/math/pgfmath.code.tex)
\pgffor@iter=\dimen179
\pgffor@skip=\dimen180
\pgffor@stack=\toks46
\pgffor@toks=\toks47
))
(/usr/share/texlive/texmf-dist/tex/generic/pgf/frontendlayer/tikz/tikz.code.tex
Package: tikz 2015/08/07 v3.0.1a (rcs-revision 1.151)

(/usr/share/texlive/texmf-dist/tex/generic/pgf/libraries/pgflibraryplothandlers
.code.tex
File: pgflibraryplothandlers.code.tex 2013/08/31 v3.0.1a (rcs-revision 1.20)
\pgf@plot@mark@count=\count327
\pgfplotmarksize=\dimen181
)
\tikz@lastx=\dimen182
\tikz@lasty=\dimen183
\tikz@lastxsaved=\dimen184
\tikz@lastysaved=\dimen185
\tikzleveldistance=\dimen186
\tikzsiblingdistance=\dimen187
\tikz@figbox=\box42
\tikz@figbox@bg=\box43
\tikz@tempbox=\box44
\tikz@tempbox@bg=\box45
\tikztreelevel=\count328
\tikznumberofchildren=\count329
\tikznumberofcurrentchild=\count330
\tikz@fig@count=\count331

(/usr/share/texlive/texmf-dist/tex/generic/pgf/modules/pgfmodulematrix.code.tex
File: pgfmodulematrix.code.tex 2013/09/17  (rcs-revision 1.8)
\pgfmatrixcurrentrow=\count332
\pgfmatrixcurrentcolumn=\count333
\pgf@matrix@numberofcolumns=\count334
)
\tikz@expandcount=\count335

(/usr/share/texlive/texmf-dist/tex/generic/pgf/frontendlayer/tikz/libraries/tik
zlibrarytopaths.code.tex
File: tikzlibrarytopaths.code.tex 2008/06/17 v3.0.1a (rcs-revision 1.2)
)))
(/usr/share/texlive/texmf-dist/tex/latex/caption/subcaption.sty
Package: subcaption 2016/05/22 v1.1-161 Sub-captions (AR)
\c@subfigure=\count336
\c@subtable=\count337
)
(/usr/share/texlive/texmf-dist/tex/latex/listings/listings.sty
\lst@mode=\count338
\lst@gtempboxa=\box46
\lst@token=\toks48
\lst@length=\count339
\lst@currlwidth=\dimen188
\lst@column=\count340
\lst@pos=\count341
\lst@lostspace=\dimen189
\lst@width=\dimen190
\lst@newlines=\count342
\lst@lineno=\count343
\lst@maxwidth=\dimen191

(/usr/share/texlive/texmf-dist/tex/latex/listings/lstmisc.sty
File: lstmisc.sty 2015/06/04 1.6 (Carsten Heinz)
\c@lstnumber=\count344
\lst@skipnumbers=\count345
\lst@framebox=\box47
)
(/usr/share/texlive/texmf-dist/tex/latex/listings/listings.cfg
File: listings.cfg 2015/06/04 1.6 listings configuration
))
Package: listings 2015/06/04 1.6 (Carsten Heinz)

(/usr/share/texlive/texmf-dist/tex/latex/listings/lstlang1.sty
File: lstlang1.sty 2015/06/04 1.6 listings language file
)
(/usr/share/texlive/texmf-dist/tex/latex/listings/lstmisc.sty
File: lstmisc.sty 2015/06/04 1.6 (Carsten Heinz)
)
(/usr/share/texlive/texmf-dist/tex/latex/enumitem/enumitem.sty
Package: enumitem 2011/09/28 v3.5.2 Customized lists
\labelindent=\skip78
\enit@outerparindent=\dimen192
\enit@toks=\toks49
\enit@inbox=\box48
\enitdp@description=\count346
)
Package biblatex Info: Trying to load language 'english'...
Package biblatex Info: ... file 'english.lbx' found.

(/usr/share/texlive/texmf-dist/tex/latex/biblatex/lbx/english.lbx
File: english.lbx 2017/12/19 v3.10 biblatex localization (PK/JW/AB)
)

Package biblatex Warning: 'babel/polyglossia' detected but 'csquotes' missing.
(biblatex)                Loading 'csquotes' recommended.

\@quotelevel=\count347
\@quotereset=\count348
(./main.aux

LaTeX Warning: Label `fig:gausslaplace' multiply defined.


LaTeX Warning: Label `comp_lr' multiply defined.


LaTeX Warning: Label `fig:comp_mqcnn' multiply defined.


LaTeX Warning: Label `goal' multiply defined.


LaTeX Warning: Label `fig:comp2_mqcnn' multiply defined.

)
\openout1 = `main.aux'.

LaTeX Font Info:    Checking defaults for OML/cmm/m/it on input line 119.
LaTeX Font Info:    ... okay on input line 119.
LaTeX Font Info:    Checking defaults for T1/cmr/m/n on input line 119.
LaTeX Font Info:    ... okay on input line 119.
LaTeX Font Info:    Checking defaults for OT1/cmr/m/n on input line 119.
LaTeX Font Info:    ... okay on input line 119.
LaTeX Font Info:    Checking defaults for OMS/cmsy/m/n on input line 119.
LaTeX Font Info:    ... okay on input line 119.
LaTeX Font Info:    Checking defaults for OMX/cmex/m/n on input line 119.
LaTeX Font Info:    ... okay on input line 119.
LaTeX Font Info:    Checking defaults for U/cmr/m/n on input line 119.
LaTeX Font Info:    ... okay on input line 119.
LaTeX Font Info:    Checking defaults for PD1/pdf/m/n on input line 119.
LaTeX Font Info:    ... okay on input line 119.
\AtBeginShipoutBox=\box49
Package hyperref Info: Link coloring OFF on input line 119.
 (/usr/share/texlive/texmf-dist/tex/latex/hyperref/nameref.sty
Package: nameref 2016/05/21 v2.44 Cross-referencing by name of section

(/usr/share/texlive/texmf-dist/tex/generic/oberdiek/gettitlestring.sty
Package: gettitlestring 2016/05/16 v1.5 Cleanup title references (HO)
)
\c@section@level=\count349
)
LaTeX Info: Redefining \ref on input line 119.
LaTeX Info: Redefining \pageref on input line 119.
LaTeX Info: Redefining \nameref on input line 119.

(./main.out) (./main.out)
\@outlinefile=\write8
\openout8 = `main.out'.

Package biblatex Info: Input encoding 'utf8' detected.
Package biblatex Info: Automatic encoding selection.
(biblatex)             Assuming data encoding 'utf8'.
\openout4 = `main.bcf'.

Package biblatex Info: Trying to load bibliographic data...
Package biblatex Info: ... file 'main.bbl' not found.

No file main.bbl.
Package biblatex Info: Reference section=0 on input line 119.
Package biblatex Info: Reference segment=0 on input line 119.
(/usr/share/texlive/texmf-dist/tex/context/base/mkii/supp-pdf.mkii
[Loading MPS to PDF converter (version 2006.09.02).]
\scratchcounter=\count350
\scratchdimen=\dimen193
\scratchbox=\box50
\nofMPsegments=\count351
\nofMParguments=\count352
\everyMPshowfont=\toks50
\MPscratchCnt=\count353
\MPscratchDim=\dimen194
\MPnumerator=\count354
\makeMPintoPDFobject=\count355
\everyMPtoPDFconversion=\toks51
)
Package caption Info: Begin \AtBeginDocument code.
Package caption Info: listings package is loaded.
Package caption Info: End \AtBeginDocument code.
 ABD: EveryShipout initializing macros
\c@lstlisting=\count356
<logo_fsa.png, id=272, 803.0pt x 164.615pt>
File: logo_fsa.png Graphic file (type png)
<use logo_fsa.png>
Package pdftex.def Info: logo_fsa.png  used on input line 128.
(pdftex.def)             Requested size: 281.05421pt x 57.6161pt.
<logo_Ulg.png, id=274, 204.765pt x 149.55875pt>
File: logo_Ulg.png Graphic file (type png)
<use logo_Ulg.png>
Package pdftex.def Info: logo_Ulg.png  used on input line 129.
(pdftex.def)             Requested size: 122.85992pt x 89.73593pt.
LaTeX Font Info:    Try loading font information for U+msa on input line 145.

(/usr/share/texlive/texmf-dist/tex/latex/amsfonts/umsa.fd
File: umsa.fd 2013/01/14 v3.01 AMS symbols A
)
LaTeX Font Info:    Try loading font information for U+msb on input line 145.

(/usr/share/texlive/texmf-dist/tex/latex/amsfonts/umsb.fd
File: umsb.fd 2013/01/14 v3.01 AMS symbols B
) [1

{/var/lib/texmf/fonts/map/pdftex/updmap/pdftex.map} <./logo_fsa.png> <./logo_Ul
g.png>]
(./part1.tex

LaTeX Warning: Citation 'forecasting_principle1' on page 1 undefined on input l
ine 23.


LaTeX Warning: Citation 'forecasting_principle2' on page 1 undefined on input l
ine 23.


LaTeX Warning: Citation 'smooth_for' on page 1 undefined on input line 23.


LaTeX Warning: Citation 'exp_smooth' on page 1 undefined on input line 26.

pdfTeX warning (ext4): destination with the same identifier (name{page.1}) has 
been already used, duplicate ignored
<to be read again> 
                   \relax 
l.27 
      [1]

LaTeX Warning: Citation 'deep_factors_gp' on page 2 undefined on input line 28.



LaTeX Warning: Citation 'multi_horizon_quantile' on page 2 undefined on input l
ine 28.


LaTeX Warning: Citation 'extreme_event_for_nn' on page 2 undefined on input lin
e 28.


LaTeX Warning: Citation 'm4_competition' on page 2 undefined on input line 28.


Overfull \hbox (36.17952pt too wide) in paragraph at lines 28--29
\T1/aer/m/n/12 bilis-tic fore-cast-ing field. Re-cent pub-li-ca-tions ([], [])
 []


LaTeX Warning: Citation 'review_prob_for_wind' on page 2 undefined on input lin
e 30.


LaTeX Warning: Citation 'review_deep_renewable_for' on page 2 undefined on inpu
t line 30.


LaTeX Warning: Citation 'tensorflow' on page 2 undefined on input line 32.


LaTeX Warning: Citation 'mxnet' on page 2 undefined on input line 32.


LaTeX Warning: Citation 'pytorch' on page 2 undefined on input line 32.


LaTeX Warning: Citation 'r_article' on page 2 undefined on input line 32.

LaTeX Font Info:    Try loading font information for T1+aett on input line 33.
(/usr/share/texlive/texmf-dist/tex/latex/ae/t1aett.fd
File: t1aett.fd 1997/11/16 Font definitions for T1/aett.
)

LaTeX Warning: Citation 'gluontsbible' on page 2 undefined on input line 33.

[2]
LaTeX Font Info:    Try loading font information for OMS+aer on input line 52.
 (/usr/share/texmf/tex/latex/R/tex/latex/omsaer.fd
File: omsaer.fd 1999/12/27
)
LaTeX Font Info:    Font shape `OMS/aer/m/n' in size <12> not available
(Font)              Font shape `OMS/cmsy/m/n' tried instead on input line 52.
 (./figure1_gen.tex)
[3]
Overfull \hbox (37.45247pt too wide) in paragraph at lines 159--160
\T1/aer/m/n/12 dis-joint ad-ja-cent fu-ture win-dows, from the first pos-si-ble
 fu-ture win-dow $\OT1/cmr/m/n/12 (\OML/cmm/m/it/12 b \OT1/cmr/m/n/12 = \OML/cm
m/m/it/12 context[]length\OT1/cmr/m/n/12 )$\T1/aer/m/n/12 ,
 []

(./figure1_start.tex) (./figure1_second.tex [4]) (./figure1_last.tex)
(./figure2_gen.tex) [5]
! Undefined control sequence.
l.209 ...is defined as $\{ h_f : \mathbb{R} \cross
                                                   \mathbb{R} \to \mathbb{R}...
The control sequence at the end of the top line
of your error message was never \def'ed. If you have
misspelled it (e.g., `\hobx'), type `I' and the correct
spelling (e.g., `I\hbox'). Otherwise just continue,
and I'll forget about whatever was undefined.

[6]) (./part2.tex

LaTeX Warning: Citation 'deepstate_paper' on page 7 undefined on input line 10.


[7] [8]
<distribution_comp.png, id=366, 462.528pt x 346.896pt>
File: distribution_comp.png Graphic file (type png)
<use distribution_comp.png>
Package pdftex.def Info: distribution_comp.png  used on input line 97.
(pdftex.def)             Requested size: 401.50146pt x 301.14072pt.
 [9] [10 <./distribution_comp.png>]

! LaTeX Error: Unknown graphics extension: .ppm.png.

See the LaTeX manual or LaTeX Companion for explanation.
Type  H <return>  for immediate help.
 ...                                              
                                                  
l.138 ...ibution-and-Laplace-distribution.ppm.png}
                                                  
Try typing  <return>  to proceed.
If that doesn't work, type  X <return>  to quit.


! LaTeX Error: Unknown graphics extension: .svg.png.

See the LaTeX manual or LaTeX Companion for explanation.
Type  H <return>  for immediate help.
 ...                                              
                                                  
l.145 ..._element_method_1D_illustration1.svg.png}
                                                  
Try typing  <return>  to proceed.
If that doesn't work, type  X <return>  to quit.


LaTeX Warning: Reference `rnn_paper' on page 11 undefined on input line 167.

[11]

LaTeX Warning: Citation 'deepar_paper' on page 12 undefined on input line 172.


LaTeX Warning: Citation 'deepar_factor' on page 12 undefined on input line 176.



Overfull \hbox (14.7277pt too wide) in paragraph at lines 176--181
\T1/aer/m/n/12 Implementation of the 2019 ICML pa-per \T1/aer/m/it/12 ^^PDeep F
ac-tors for Fore-cast-ing^^Q []\T1/aer/m/n/12 .
 []


LaTeX Warning: Citation 'gp_paper' on page 12 undefined on input line 183.


LaTeX Warning: Citation 'npts_paper' on page 12 undefined on input line 188.


LaTeX Warning: Citation 'mqcnn_paper' on page 12 undefined on input line 195.

[12]) (./part3.tex [13]
<plots/hist/a/datasize/cSimple/Coverage.png, id=402, 462.528pt x 346.896pt>
File: plots/hist/a/datasize/cSimple/Coverage.png Graphic file (type png)
<use plots/hist/a/datasize/cSimple/Coverage.png>
Package pdftex.def Info: plots/hist/a/datasize/cSimple/Coverage.png  used on in
put line 35.
(pdftex.def)             Requested size: 301.1261pt x 225.85553pt.
<plots/hist/a/lr/cSimple/Coverage.png, id=403, 462.528pt x 346.896pt>
File: plots/hist/a/lr/cSimple/Coverage.png Graphic file (type png)
<use plots/hist/a/lr/cSimple/Coverage.png>
Package pdftex.def Info: plots/hist/a/lr/cSimple/Coverage.png  used on input li
ne 47.
(pdftex.def)             Requested size: 301.1261pt x 225.85553pt.
 [14 <./plots/hist/a/datasize/cSimple/Coverage.png>]
<plots/hist/a/epochs/cSimple/Coverage.png, id=410, 462.528pt x 346.896pt>
File: plots/hist/a/epochs/cSimple/Coverage.png Graphic file (type png)
<use plots/hist/a/epochs/cSimple/Coverage.png>
Package pdftex.def Info: plots/hist/a/epochs/cSimple/Coverage.png  used on inpu
t line 61.
(pdftex.def)             Requested size: 301.1261pt x 225.85553pt.

[15 <./plots/hist/a/lr/cSimple/Coverage.png> <./plots/hist/a/epochs/cSimple/Cov
erage.png>] [16]
<plots/hist/a/distribution/cSimple/0_9/Coverage.png, id=423, 462.528pt x 346.89
6pt>
File: plots/hist/a/distribution/cSimple/0_9/Coverage.png Graphic file (type png
)
<use plots/hist/a/distribution/cSimple/0_9/Coverage.png>
Package pdftex.def Info: plots/hist/a/distribution/cSimple/0_9/Coverage.png  us
ed on input line 77.
(pdftex.def)             Requested size: 301.1261pt x 225.85553pt.
<plots/hist/a/cSimple/n_cell/Coverage.png, id=425, 462.528pt x 346.896pt>
File: plots/hist/a/cSimple/n_cell/Coverage.png Graphic file (type png)
<use plots/hist/a/cSimple/n_cell/Coverage.png>
Package pdftex.def Info: plots/hist/a/cSimple/n_cell/Coverage.png  used on inpu
t line 95.
(pdftex.def)             Requested size: 301.1261pt x 225.85553pt.
 [17 <./plots/hist/a/distribution/cSimple/0_9/Coverage.png>]
<plots/forecast/a/cSimple/n_cell/50/180.png, id=432, 722.7pt x 505.89pt>
File: plots/forecast/a/cSimple/n_cell/50/180.png Graphic file (type png)
<use plots/forecast/a/cSimple/n_cell/50/180.png>
Package pdftex.def Info: plots/forecast/a/cSimple/n_cell/50/180.png  used on in
put line 104.
(pdftex.def)             Requested size: 401.50146pt x 281.05016pt.
<plots/forecast/a/cSimple/n_cell/50/60.png, id=433, 722.7pt x 505.89pt>
File: plots/forecast/a/cSimple/n_cell/50/60.png Graphic file (type png)
<use plots/forecast/a/cSimple/n_cell/50/60.png>
Package pdftex.def Info: plots/forecast/a/cSimple/n_cell/50/60.png  used on inp
ut line 105.
(pdftex.def)             Requested size: 401.50146pt x 281.05016pt.

[18 <./plots/hist/a/cSimple/n_cell/Coverage.png>]
<plots/hist/a/cSimpleFeedForward/n_hidden_dim/Coverage.png, id=441, 462.528pt x
 346.896pt>
File: plots/hist/a/cSimpleFeedForward/n_hidden_dim/Coverage.png Graphic file (t
ype png)
<use plots/hist/a/cSimpleFeedForward/n_hidden_dim/Coverage.png>
Package pdftex.def Info: plots/hist/a/cSimpleFeedForward/n_hidden_dim/Coverage.
png  used on input line 115.
(pdftex.def)             Requested size: 301.1261pt x 225.85553pt.
 [19 <./plots/forecast/a/cSimple/n_cell/50/180.png> <./plots/forecast/a/cSimple
/n_cell/50/60.png>]

LaTeX Warning: File `plots/forecast/a/cSimpleFeedForward/n_hidden_dim/[40, 40, 
40]/180.png' not found on input line 124.

<plots/forecast/a/cSimpleFeedForward/n_hidden_dim/[40, 40, 40]/180.png, id=449,
 722.7pt x 505.89pt>
File: plots/forecast/a/cSimpleFeedForward/n_hidden_dim/[40, 40, 40]/180.png Gra
phic file (type png)
<use plots/forecast/a/cSimpleFeedForward/n_hidden_dim/[40, 40, 40]/180.png>
Package pdftex.def Info: plots/forecast/a/cSimpleFeedForward/n_hidden_dim/[40, 
40, 40]/180.png  used on input line 124.
(pdftex.def)             Requested size: 401.50146pt x 281.05016pt.

LaTeX Warning: File `plots/forecast/a/cSimpleFeedForward/n_hidden_dim/[40, 40, 
40]/60.png' not found on input line 125.

<plots/forecast/a/cSimpleFeedForward/n_hidden_dim/[40, 40, 40]/60.png, id=450, 
722.7pt x 505.89pt>
File: plots/forecast/a/cSimpleFeedForward/n_hidden_dim/[40, 40, 40]/60.png Grap
hic file (type png)
<use plots/forecast/a/cSimpleFeedForward/n_hidden_dim/[40, 40, 40]/60.png>
Package pdftex.def Info: plots/forecast/a/cSimpleFeedForward/n_hidden_dim/[40, 
40, 40]/60.png  used on input line 125.
(pdftex.def)             Requested size: 401.50146pt x 281.05016pt.
[20 <./plots/hist/a/cSimpleFeedForward/n_hidden_dim/Coverage.png>]
<plots/hist/a/cCanonicalRNN/n_layers/Coverage.png, id=457, 462.528pt x 346.896p
t>
File: plots/hist/a/cCanonicalRNN/n_layers/Coverage.png Graphic file (type png)
<use plots/hist/a/cCanonicalRNN/n_layers/Coverage.png>
Package pdftex.def Info: plots/hist/a/cCanonicalRNN/n_layers/Coverage.png  used
 on input line 135.
(pdftex.def)             Requested size: 301.1261pt x 225.85553pt.
 [21 <./plots/forecast/a/cSimpleFeedForward/n_hidden_dim/[40, 40, 40]/180.png> 
<./plots/forecast/a/cSimpleFeedForward/n_hidden_dim/[40, 40, 40]/60.png>]
<plots/forecast/a/cCanonicalRNN/n_layers/5/180.png, id=465, 722.7pt x 505.89pt>

File: plots/forecast/a/cCanonicalRNN/n_layers/5/180.png Graphic file (type png)

<use plots/forecast/a/cCanonicalRNN/n_layers/5/180.png>
Package pdftex.def Info: plots/forecast/a/cCanonicalRNN/n_layers/5/180.png  use
d on input line 144.
(pdftex.def)             Requested size: 401.50146pt x 281.05016pt.
<plots/forecast/a/cCanonicalRNN/n_layers/5/60.png, id=466, 722.7pt x 505.89pt>
File: plots/forecast/a/cCanonicalRNN/n_layers/5/60.png Graphic file (type png)
<use plots/forecast/a/cCanonicalRNN/n_layers/5/60.png>
Package pdftex.def Info: plots/forecast/a/cCanonicalRNN/n_layers/5/60.png  used
 on input line 145.
(pdftex.def)             Requested size: 401.50146pt x 281.05016pt.
 [22 <./plots/hist/a/cCanonicalRNN/n_layers/Coverage.png>]
<plots/hist/a/DeepAr/n_layers/Coverage.png, id=474, 462.528pt x 346.896pt>
File: plots/hist/a/DeepAr/n_layers/Coverage.png Graphic file (type png)
<use plots/hist/a/DeepAr/n_layers/Coverage.png>
Package pdftex.def Info: plots/hist/a/DeepAr/n_layers/Coverage.png  used on inp
ut line 155.
(pdftex.def)             Requested size: 301.1261pt x 225.85553pt.
 [23 <./plots/forecast/a/cCanonicalRNN/n_layers/5/180.png> <./plots/forecast/a/
cCanonicalRNN/n_layers/5/60.png>]
<plots/hist/a/DeepAr/n_cells/Coverage.png, id=482, 462.528pt x 346.896pt>
File: plots/hist/a/DeepAr/n_cells/Coverage.png Graphic file (type png)
<use plots/hist/a/DeepAr/n_cells/Coverage.png>
Package pdftex.def Info: plots/hist/a/DeepAr/n_cells/Coverage.png  used on inpu
t line 164.
(pdftex.def)             Requested size: 301.1261pt x 225.85553pt.
<plots/forecast/a/DeepAr/n_cells/50/180.png, id=483, 722.7pt x 505.89pt>
File: plots/forecast/a/DeepAr/n_cells/50/180.png Graphic file (type png)
<use plots/forecast/a/DeepAr/n_cells/50/180.png>
Package pdftex.def Info: plots/forecast/a/DeepAr/n_cells/50/180.png  used on in
put line 173.
(pdftex.def)             Requested size: 401.50146pt x 281.05016pt.
<plots/forecast/a/DeepAr/n_cells/50/60.png, id=484, 722.7pt x 505.89pt>
File: plots/forecast/a/DeepAr/n_cells/50/60.png Graphic file (type png)
<use plots/forecast/a/DeepAr/n_cells/50/60.png>
Package pdftex.def Info: plots/forecast/a/DeepAr/n_cells/50/60.png  used on inp
ut line 174.
(pdftex.def)             Requested size: 401.50146pt x 281.05016pt.

[24 <./plots/hist/a/DeepAr/n_layers/Coverage.png> <./plots/hist/a/DeepAr/n_cell
s/Coverage.png>]
<plots/hist/a/DeepFactor/n_factors/Coverage.png, id=494, 462.528pt x 346.896pt>

File: plots/hist/a/DeepFactor/n_factors/Coverage.png Graphic file (type png)
<use plots/hist/a/DeepFactor/n_factors/Coverage.png>
Package pdftex.def Info: plots/hist/a/DeepFactor/n_factors/Coverage.png  used o
n input line 183.
(pdftex.def)             Requested size: 301.1261pt x 225.85553pt.
 [25 <./plots/forecast/a/DeepAr/n_cells/50/180.png> <./plots/forecast/a/DeepAr/
n_cells/50/60.png>]
<plots/hist/a/DeepFactor/n_hidden_global/Coverage.png, id=502, 462.528pt x 346.
896pt>
File: plots/hist/a/DeepFactor/n_hidden_global/Coverage.png Graphic file (type p
ng)
<use plots/hist/a/DeepFactor/n_hidden_global/Coverage.png>
Package pdftex.def Info: plots/hist/a/DeepFactor/n_hidden_global/Coverage.png  
used on input line 192.
(pdftex.def)             Requested size: 301.1261pt x 225.85553pt.
<plots/hist/a/DeepFactor/n_layers_global/Coverage.png, id=503, 462.528pt x 346.
896pt>
File: plots/hist/a/DeepFactor/n_layers_global/Coverage.png Graphic file (type p
ng)
<use plots/hist/a/DeepFactor/n_layers_global/Coverage.png>
Package pdftex.def Info: plots/hist/a/DeepFactor/n_layers_global/Coverage.png  
used on input line 201.
(pdftex.def)             Requested size: 301.1261pt x 225.85553pt.
 [26 <./plots/hist/a/DeepFactor/n_factors/Coverage.png> <./plots/hist/a/DeepFac
tor/n_hidden_global/Coverage.png>]
<plots/forecast/a/DeepFactor/n_hidden_global/100/180.png, id=512, 722.7pt x 505
.89pt>
File: plots/forecast/a/DeepFactor/n_hidden_global/100/180.png Graphic file (typ
e png)
<use plots/forecast/a/DeepFactor/n_hidden_global/100/180.png>
Package pdftex.def Info: plots/forecast/a/DeepFactor/n_hidden_global/100/180.pn
g  used on input line 210.
(pdftex.def)             Requested size: 401.50146pt x 281.05016pt.
<plots/forecast/a/DeepFactor/n_hidden_global/100/60.png, id=513, 722.7pt x 505.
89pt>
File: plots/forecast/a/DeepFactor/n_hidden_global/100/60.png Graphic file (type
 png)
<use plots/forecast/a/DeepFactor/n_hidden_global/100/60.png>
Package pdftex.def Info: plots/forecast/a/DeepFactor/n_hidden_global/100/60.png
  used on input line 211.
(pdftex.def)             Requested size: 401.50146pt x 281.05016pt.
 [27 <./plots/hist/a/DeepFactor/n_layers_global/Coverage.png>]
<plots/hist/a/MQCNN/mlp_final_dim/Coverage.png, id=520, 462.528pt x 346.896pt>
File: plots/hist/a/MQCNN/mlp_final_dim/Coverage.png Graphic file (type png)
<use plots/hist/a/MQCNN/mlp_final_dim/Coverage.png>
Package pdftex.def Info: plots/hist/a/MQCNN/mlp_final_dim/Coverage.png  used on
 input line 222.
(pdftex.def)             Requested size: 301.1261pt x 225.85553pt.
 [28 <./plots/forecast/a/DeepFactor/n_hidden_global/100/180.png> <./plots/forec
ast/a/DeepFactor/n_hidden_global/100/60.png>]
<plots/forecast/a/MQCNN/mlp_final_dim/40/180.png, id=528, 722.7pt x 505.89pt>
File: plots/forecast/a/MQCNN/mlp_final_dim/40/180.png Graphic file (type png)
<use plots/forecast/a/MQCNN/mlp_final_dim/40/180.png>
Package pdftex.def Info: plots/forecast/a/MQCNN/mlp_final_dim/40/180.png  used 
on input line 231.
(pdftex.def)             Requested size: 401.50146pt x 281.05016pt.
<plots/forecast/a/MQCNN/mlp_final_dim/40/60.png, id=529, 722.7pt x 505.89pt>
File: plots/forecast/a/MQCNN/mlp_final_dim/40/60.png Graphic file (type png)
<use plots/forecast/a/MQCNN/mlp_final_dim/40/60.png>
Package pdftex.def Info: plots/forecast/a/MQCNN/mlp_final_dim/40/60.png  used o
n input line 232.
(pdftex.def)             Requested size: 401.50146pt x 281.05016pt.
 [29 <./plots/hist/a/MQCNN/mlp_final_dim/Coverage.png>]
<plots/hist/a/MQRNN/mlp_final_dim/Coverage.png, id=536, 462.528pt x 346.896pt>
File: plots/hist/a/MQRNN/mlp_final_dim/Coverage.png Graphic file (type png)
<use plots/hist/a/MQRNN/mlp_final_dim/Coverage.png>
Package pdftex.def Info: plots/hist/a/MQRNN/mlp_final_dim/Coverage.png  used on
 input line 241.
(pdftex.def)             Requested size: 301.1261pt x 225.85553pt.

[30 <./plots/forecast/a/MQCNN/mlp_final_dim/40/180.png> <./plots/forecast/a/MQC
NN/mlp_final_dim/40/60.png>]
<plots/forecast/a/MQRNN/mlp_final_dim/20/180.png, id=545, 722.7pt x 505.89pt>
File: plots/forecast/a/MQRNN/mlp_final_dim/20/180.png Graphic file (type png)
<use plots/forecast/a/MQRNN/mlp_final_dim/20/180.png>
Package pdftex.def Info: plots/forecast/a/MQRNN/mlp_final_dim/20/180.png  used 
on input line 250.
(pdftex.def)             Requested size: 401.50146pt x 281.05016pt.
<plots/forecast/a/MQRNN/mlp_final_dim/20/60.png, id=546, 722.7pt x 505.89pt>
File: plots/forecast/a/MQRNN/mlp_final_dim/20/60.png Graphic file (type png)
<use plots/forecast/a/MQRNN/mlp_final_dim/20/60.png>
Package pdftex.def Info: plots/forecast/a/MQRNN/mlp_final_dim/20/60.png  used o
n input line 251.
(pdftex.def)             Requested size: 401.50146pt x 281.05016pt.
 [31 <./plots/hist/a/MQRNN/mlp_final_dim/Coverage.png>]
<plots/forecast/a/model/Gaussian/0_9/GaussianProcess/180.png, id=553, 722.7pt x
 505.89pt>
File: plots/forecast/a/model/Gaussian/0_9/GaussianProcess/180.png Graphic file 
(type png)
<use plots/forecast/a/model/Gaussian/0_9/GaussianProcess/180.png>
Package pdftex.def Info: plots/forecast/a/model/Gaussian/0_9/GaussianProcess/18
0.png  used on input line 261.
(pdftex.def)             Requested size: 401.50146pt x 281.05016pt.
<plots/forecast/a/model/Gaussian/0_9/GaussianProcess/60.png, id=554, 722.7pt x 
505.89pt>
File: plots/forecast/a/model/Gaussian/0_9/GaussianProcess/60.png Graphic file (
type png)
<use plots/forecast/a/model/Gaussian/0_9/GaussianProcess/60.png>
Package pdftex.def Info: plots/forecast/a/model/Gaussian/0_9/GaussianProcess/60
.png  used on input line 262.
(pdftex.def)             Requested size: 401.50146pt x 281.05016pt.
 [32 <./plots/forecast/a/MQRNN/mlp_final_dim/20/180.png> <./plots/forecast/a/MQ
RNN/mlp_final_dim/20/60.png>]
<plots/forecast/a/model/Gaussian/0_9/NPTS/180.png, id=562, 722.7pt x 505.89pt>
File: plots/forecast/a/model/Gaussian/0_9/NPTS/180.png Graphic file (type png)
<use plots/forecast/a/model/Gaussian/0_9/NPTS/180.png>
Package pdftex.def Info: plots/forecast/a/model/Gaussian/0_9/NPTS/180.png  used
 on input line 272.
(pdftex.def)             Requested size: 401.50146pt x 281.05016pt.
<plots/forecast/a/model/Gaussian/0_9/NPTS/60.png, id=563, 722.7pt x 505.89pt>
File: plots/forecast/a/model/Gaussian/0_9/NPTS/60.png Graphic file (type png)
<use plots/forecast/a/model/Gaussian/0_9/NPTS/60.png>
Package pdftex.def Info: plots/forecast/a/model/Gaussian/0_9/NPTS/60.png  used 
on input line 273.
(pdftex.def)             Requested size: 401.50146pt x 281.05016pt.
 [33 <./plots/forecast/a/model/Gaussian/0_9/GaussianProcess/180.png> <./plots/f
orecast/a/model/Gaussian/0_9/GaussianProcess/60.png>]
File: plots/forecast/a/model/Gaussian/0_9/NPTS/180.png Graphic file (type png)
<use plots/forecast/a/model/Gaussian/0_9/NPTS/180.png>
Package pdftex.def Info: plots/forecast/a/model/Gaussian/0_9/NPTS/180.png  used
 on input line 282.
(pdftex.def)             Requested size: 401.50146pt x 281.05016pt.
File: plots/forecast/a/model/Gaussian/0_9/NPTS/60.png Graphic file (type png)
<use plots/forecast/a/model/Gaussian/0_9/NPTS/60.png>
Package pdftex.def Info: plots/forecast/a/model/Gaussian/0_9/NPTS/60.png  used 
on input line 283.
(pdftex.def)             Requested size: 401.50146pt x 281.05016pt.
 [34 <./plots/forecast/a/model/Gaussian/0_9/NPTS/180.png> <./plots/forecast/a/m
odel/Gaussian/0_9/NPTS/60.png>]
<plots/hist/a/model/0_9/Gaussian/Coverage.png, id=578, 462.528pt x 346.896pt>
File: plots/hist/a/model/0_9/Gaussian/Coverage.png Graphic file (type png)
<use plots/hist/a/model/0_9/Gaussian/Coverage.png>
Package pdftex.def Info: plots/hist/a/model/0_9/Gaussian/Coverage.png  used on 
input line 292.
(pdftex.def)             Requested size: 200.75073pt x 150.56506pt.
 [35]) (./part4.tex [36 <./plots/hist/a/model/0_9/Gaussian/Coverage.png>] [37]
<base_loss_vs_custom_loss.png, id=605, 462.528pt x 346.896pt>
File: base_loss_vs_custom_loss.png Graphic file (type png)
<use base_loss_vs_custom_loss.png>
Package pdftex.def Info: base_loss_vs_custom_loss.png  used on input line 96.
(pdftex.def)             Requested size: 401.50146pt x 301.14072pt.


LaTeX Warning: `!h' float specifier changed to `!ht'.

) (./part5.tex [38]
<plots/hist/a/alpha/cSimple/Gaussian/Coverage.png, id=619, 462.528pt x 346.896p
t>
File: plots/hist/a/alpha/cSimple/Gaussian/Coverage.png Graphic file (type png)
<use plots/hist/a/alpha/cSimple/Gaussian/Coverage.png>
Package pdftex.def Info: plots/hist/a/alpha/cSimple/Gaussian/Coverage.png  used
 on input line 29.
(pdftex.def)             Requested size: 301.1261pt x 225.85553pt.


LaTeX Warning: `!h' float specifier changed to `!ht'.

File: plots/hist/a/datasize/cSimple/Coverage.png Graphic file (type png)
<use plots/hist/a/datasize/cSimple/Coverage.png>
Package pdftex.def Info: plots/hist/a/datasize/cSimple/Coverage.png  used on in
put line 45.
(pdftex.def)             Requested size: 301.1261pt x 225.85553pt.
[39 <./base_loss_vs_custom_loss.png>]
File: plots/hist/a/lr/cSimple/Coverage.png Graphic file (type png)
<use plots/hist/a/lr/cSimple/Coverage.png>
Package pdftex.def Info: plots/hist/a/lr/cSimple/Coverage.png  used on input li
ne 57.
(pdftex.def)             Requested size: 301.1261pt x 225.85553pt.
 [40 <./plots/hist/a/alpha/cSimple/Gaussian/Coverage.png>]
File: plots/hist/a/epochs/cSimple/Coverage.png Graphic file (type png)
<use plots/hist/a/epochs/cSimple/Coverage.png>
Package pdftex.def Info: plots/hist/a/epochs/cSimple/Coverage.png  used on inpu
t line 71.
(pdftex.def)             Requested size: 301.1261pt x 225.85553pt.
 [41] [42]
File: plots/hist/a/distribution/cSimple/0_9/Coverage.png Graphic file (type png
)
<use plots/hist/a/distribution/cSimple/0_9/Coverage.png>
Package pdftex.def Info: plots/hist/a/distribution/cSimple/0_9/Coverage.png  us
ed on input line 87.
(pdftex.def)             Requested size: 301.1261pt x 225.85553pt.
File: plots/hist/a/cSimple/n_cell/Coverage.png Graphic file (type png)
<use plots/hist/a/cSimple/n_cell/Coverage.png>
Package pdftex.def Info: plots/hist/a/cSimple/n_cell/Coverage.png  used on inpu
t line 105.
(pdftex.def)             Requested size: 301.1261pt x 225.85553pt.
 [43]
File: plots/hist/a/cSimpleFeedForward/n_hidden_dim/Coverage.png Graphic file (t
ype png)
<use plots/hist/a/cSimpleFeedForward/n_hidden_dim/Coverage.png>
Package pdftex.def Info: plots/hist/a/cSimpleFeedForward/n_hidden_dim/Coverage.
png  used on input line 118.
(pdftex.def)             Requested size: 301.1261pt x 225.85553pt.
File: plots/hist/a/cCanonicalRNN/n_layers/Coverage.png Graphic file (type png)
<use plots/hist/a/cCanonicalRNN/n_layers/Coverage.png>
Package pdftex.def Info: plots/hist/a/cCanonicalRNN/n_layers/Coverage.png  used
 on input line 131.
(pdftex.def)             Requested size: 301.1261pt x 225.85553pt.
 [44]
File: plots/hist/a/DeepAr/n_layers/Coverage.png Graphic file (type png)
<use plots/hist/a/DeepAr/n_layers/Coverage.png>
Package pdftex.def Info: plots/hist/a/DeepAr/n_layers/Coverage.png  used on inp
ut line 144.
(pdftex.def)             Requested size: 301.1261pt x 225.85553pt.
File: plots/hist/a/DeepAr/n_cells/Coverage.png Graphic file (type png)
<use plots/hist/a/DeepAr/n_cells/Coverage.png>
Package pdftex.def Info: plots/hist/a/DeepAr/n_cells/Coverage.png  used on inpu
t line 153.
(pdftex.def)             Requested size: 301.1261pt x 225.85553pt.
 [45]
File: plots/hist/a/DeepFactor/n_factors/Coverage.png Graphic file (type png)
<use plots/hist/a/DeepFactor/n_factors/Coverage.png>
Package pdftex.def Info: plots/hist/a/DeepFactor/n_factors/Coverage.png  used o
n input line 164.
(pdftex.def)             Requested size: 301.1261pt x 225.85553pt.
File: plots/hist/a/DeepFactor/n_hidden_global/Coverage.png Graphic file (type p
ng)
<use plots/hist/a/DeepFactor/n_hidden_global/Coverage.png>
Package pdftex.def Info: plots/hist/a/DeepFactor/n_hidden_global/Coverage.png  
used on input line 173.
(pdftex.def)             Requested size: 301.1261pt x 225.85553pt.
 [46]
File: plots/hist/a/DeepFactor/n_layers_global/Coverage.png Graphic file (type p
ng)
<use plots/hist/a/DeepFactor/n_layers_global/Coverage.png>
Package pdftex.def Info: plots/hist/a/DeepFactor/n_layers_global/Coverage.png  
used on input line 182.
(pdftex.def)             Requested size: 301.1261pt x 225.85553pt.
File: plots/hist/a/MQCNN/mlp_final_dim/Coverage.png Graphic file (type png)
<use plots/hist/a/MQCNN/mlp_final_dim/Coverage.png>
Package pdftex.def Info: plots/hist/a/MQCNN/mlp_final_dim/Coverage.png  used on
 input line 195.
(pdftex.def)             Requested size: 301.1261pt x 225.85553pt.
 [47]
File: plots/hist/a/MQRNN/mlp_final_dim/Coverage.png Graphic file (type png)
<use plots/hist/a/MQRNN/mlp_final_dim/Coverage.png>
Package pdftex.def Info: plots/hist/a/MQRNN/mlp_final_dim/Coverage.png  used on
 input line 206.
(pdftex.def)             Requested size: 301.1261pt x 225.85553pt.
File: plots/hist/a/model/0_9/Gaussian/Coverage.png Graphic file (type png)
<use plots/hist/a/model/0_9/Gaussian/Coverage.png>
Package pdftex.def Info: plots/hist/a/model/0_9/Gaussian/Coverage.png  used on 
input line 218.
(pdftex.def)             Requested size: 200.75073pt x 150.56506pt.
<plots/hist/a/model/0_9/Gaussian/bandwidth.png, id=676, 462.528pt x 346.896pt>
File: plots/hist/a/model/0_9/Gaussian/bandwidth.png Graphic file (type png)
<use plots/hist/a/model/0_9/Gaussian/bandwidth.png>
Package pdftex.def Info: plots/hist/a/model/0_9/Gaussian/bandwidth.png  used on
 input line 219.
(pdftex.def)             Requested size: 200.75073pt x 150.56506pt.
<plots/scatter/a/model/0_9/Gaussian/Coverage_bandwidth.png, id=677, 462.528pt x
 346.896pt>
File: plots/scatter/a/model/0_9/Gaussian/Coverage_bandwidth.png Graphic file (t
ype png)
<use plots/scatter/a/model/0_9/Gaussian/Coverage_bandwidth.png>
Package pdftex.def Info: plots/scatter/a/model/0_9/Gaussian/Coverage_bandwidth.
png  used on input line 220.
(pdftex.def)             Requested size: 301.1261pt x 225.85553pt.
 [48]) [49 <./plots/hist/a/model/0_9/Gaussian/bandwidth.png> <./plots/scatter/a
/model/0_9/Gaussian/Coverage_bandwidth.png>]

LaTeX Warning: Empty bibliography on input line 169.

Package atveryend Info: Empty hook `BeforeClearDocument' on input line 172.
Package atveryend Info: Empty hook `AfterLastShipout' on input line 172.
(./main.aux)
Package atveryend Info: Executing hook `AtVeryEndDocument' on input line 172.
Package atveryend Info: Executing hook `AtEndAfterFileList' on input line 172.
Package rerunfilecheck Info: File `main.out' has not changed.
(rerunfilecheck)             Checksum: 9A58878C469F84B2F287935CBB69C82E;4673.


LaTeX Warning: There were undefined references.


LaTeX Warning: There were multiply-defined labels.


Package biblatex Warning: Please (re)run Biber on the file:
(biblatex)                main
(biblatex)                and rerun LaTeX afterwards.

Package logreq Info: Writing requests to 'main.run.xml'.
\openout1 = `main.run.xml'.

Package atveryend Info: Empty hook `AtVeryVeryEnd' on input line 172.
 ) 
Here is how much of TeX's memory you used:
 28390 strings out of 494923
 509734 string characters out of 6180742
 938938 words of memory out of 5000000
 30915 multiletter control sequences out of 15000+600000
 41684 words of font info for 84 fonts, out of 8000000 for 9000
 14 hyphenation exceptions out of 8191
 55i,8n,54p,934b,1629s stack positions out of 5000i,500n,10000p,200000b,80000s
</usr/share/texlive/texmf-dist/fonts/type1/public/amsfonts/cm/cmbx12.pfb></us
r/share/texlive/texmf-dist/fonts/type1/public/amsfonts/cm/cmcsc10.pfb></usr/sha
re/texlive/texmf-dist/fonts/type1/public/amsfonts/cm/cmex10.pfb></usr/share/tex
live/texmf-dist/fonts/type1/public/amsfonts/cm/cmmi12.pfb></usr/share/texlive/t
exmf-dist/fonts/type1/public/amsfonts/cm/cmmi6.pfb></usr/share/texlive/texmf-di
st/fonts/type1/public/amsfonts/cm/cmmi8.pfb></usr/share/texlive/texmf-dist/font
s/type1/public/amsfonts/cm/cmr12.pfb></usr/share/texlive/texmf-dist/fonts/type1
/public/amsfonts/cm/cmr6.pfb></usr/share/texlive/texmf-dist/fonts/type1/public/
amsfonts/cm/cmr8.pfb></usr/share/texlive/texmf-dist/fonts/type1/public/amsfonts
/cm/cmsy10.pfb></usr/share/texlive/texmf-dist/fonts/type1/public/amsfonts/cm/cm
sy6.pfb></usr/share/texlive/texmf-dist/fonts/type1/public/amsfonts/cm/cmsy8.pfb
></usr/share/texlive/texmf-dist/fonts/type1/public/amsfonts/cm/cmti12.pfb></usr
/share/texlive/texmf-dist/fonts/type1/public/amsfonts/cm/cmtt12.pfb></usr/share
/texlive/texmf-dist/fonts/type1/public/amsfonts/symbols/msbm10.pfb>
Output written on main.pdf (50 pages, 1645529 bytes).
PDF statistics:
 785 PDF objects out of 1000 (max. 8388607)
 631 compressed objects within 7 object streams
 187 named destinations out of 1000 (max. 500000)
 741 words of extra memory for PDF output out of 10000 (max. 10000000)

